{"/home/travis/build/npmtest/node-npmtest-winreg/test.js":{"path":"/home/travis/build/npmtest/node-npmtest-winreg/test.js","s":{"1":2,"2":2,"3":2,"4":2,"5":2,"6":2,"7":2,"8":1,"9":2,"10":2,"11":1,"12":1,"13":1,"14":1,"15":2,"16":2,"17":2,"18":2,"19":1,"20":1,"21":2,"22":2,"23":2,"24":1,"25":1,"26":1,"27":1,"28":1,"29":1,"30":1,"31":1,"32":1,"33":1,"34":1,"35":1,"36":1,"37":1,"38":1,"39":2,"40":2,"41":1,"42":2,"43":2,"44":1,"45":2,"46":2,"47":1,"48":2,"49":2,"50":1,"51":1,"52":1,"53":1,"54":1},"b":{"1":[2,1,1,1],"2":[1,1,1,1],"3":[1,1],"4":[1,1],"5":[1,1],"6":[1,1],"7":[1,1],"8":[1,1],"9":[1,1],"10":[1,1,1],"11":[1,1],"12":[1,1],"13":[1,1],"14":[1,1],"15":[1,1],"16":[1,1],"17":[1,1]},"f":{"1":2,"2":2,"3":2,"4":2,"5":2,"6":1,"7":1,"8":1,"9":2,"10":2,"11":2,"12":2,"13":1},"fnMap":{"1":{"name":"(anonymous_1)","line":12,"loc":{"start":{"line":12,"column":1},"end":{"line":12,"column":13}}},"2":{"name":"(anonymous_2)","line":19,"loc":{"start":{"line":19,"column":5},"end":{"line":19,"column":17}}},"3":{"name":"(anonymous_3)","line":23,"loc":{"start":{"line":23,"column":24},"end":{"line":23,"column":36}}},"4":{"name":"(anonymous_4)","line":61,"loc":{"start":{"line":61,"column":5},"end":{"line":61,"column":17}}},"5":{"name":"(anonymous_5)","line":82,"loc":{"start":{"line":82,"column":5},"end":{"line":82,"column":17}}},"6":{"name":"(anonymous_6)","line":91,"loc":{"start":{"line":91,"column":77},"end":{"line":94,"column":10}}},"7":{"name":"(anonymous_7)","line":112,"loc":{"start":{"line":112,"column":83},"end":{"line":115,"column":10}},"skip":true},"8":{"name":"(anonymous_8)","line":123,"loc":{"start":{"line":123,"column":77},"end":{"line":126,"column":10}},"skip":true},"9":{"name":"(anonymous_9)","line":139,"loc":{"start":{"line":139,"column":12},"end":{"line":139,"column":40}},"skip":true},"10":{"name":"(anonymous_10)","line":147,"loc":{"start":{"line":147,"column":77},"end":{"line":150,"column":10}},"skip":true},"11":{"name":"(anonymous_11)","line":158,"loc":{"start":{"line":158,"column":83},"end":{"line":161,"column":10}},"skip":true},"12":{"name":"(anonymous_12)","line":169,"loc":{"start":{"line":169,"column":79},"end":{"line":172,"column":10}},"skip":true},"13":{"name":"(anonymous_13)","line":180,"loc":{"start":{"line":180,"column":75},"end":{"line":183,"column":10}},"skip":true}},"statementMap":{"1":{"start":{"line":12,"column":0},"end":{"line":195,"column":5}},"2":{"start":{"line":14,"column":4},"end":{"line":14,"column":14}},"3":{"start":{"line":19,"column":4},"end":{"line":56,"column":9}},"4":{"start":{"line":21,"column":8},"end":{"line":21,"column":19}},"5":{"start":{"line":23,"column":8},"end":{"line":35,"column":13}},"6":{"start":{"line":24,"column":12},"end":{"line":34,"column":13}},"7":{"start":{"line":25,"column":16},"end":{"line":28,"column":30}},"8":{"start":{"line":30,"column":16},"end":{"line":33,"column":27}},"9":{"start":{"line":37,"column":8},"end":{"line":39,"column":21}},"10":{"start":{"line":40,"column":8},"end":{"line":53,"column":9}},"11":{"start":{"line":43,"column":12},"end":{"line":46,"column":14}},"12":{"start":{"line":47,"column":12},"end":{"line":47,"column":18}},"13":{"start":{"line":50,"column":12},"end":{"line":51,"column":46}},"14":{"start":{"line":52,"column":12},"end":{"line":52,"column":18}},"15":{"start":{"line":55,"column":8},"end":{"line":55,"column":35}},"16":{"start":{"line":61,"column":4},"end":{"line":63,"column":9}},"17":{"start":{"line":62,"column":8},"end":{"line":62,"column":15}},"18":{"start":{"line":64,"column":4},"end":{"line":77,"column":5}},"19":{"start":{"line":70,"column":8},"end":{"line":70,"column":14}},"20":{"start":{"line":76,"column":8},"end":{"line":76,"column":14}},"21":{"start":{"line":82,"column":4},"end":{"line":84,"column":9}},"22":{"start":{"line":83,"column":8},"end":{"line":83,"column":15}},"23":{"start":{"line":85,"column":4},"end":{"line":194,"column":5}},"24":{"start":{"line":91,"column":8},"end":{"line":99,"column":10}},"25":{"start":{"line":98,"column":12},"end":{"line":98,"column":35}},"26":{"start":{"line":102,"column":8},"end":{"line":104,"column":63}},"27":{"start":{"line":105,"column":8},"end":{"line":105,"column":14}},"28":{"start":{"line":112,"column":8},"end":{"line":121,"column":10},"skip":true},"29":{"start":{"line":119,"column":12},"end":{"line":119,"column":55},"skip":true},"30":{"start":{"line":120,"column":12},"end":{"line":120,"column":48},"skip":true},"31":{"start":{"line":123,"column":8},"end":{"line":136,"column":10},"skip":true},"32":{"start":{"line":130,"column":12},"end":{"line":130,"column":76},"skip":true},"33":{"start":{"line":131,"column":12},"end":{"line":131,"column":73},"skip":true},"34":{"start":{"line":132,"column":12},"end":{"line":132,"column":74},"skip":true},"35":{"start":{"line":133,"column":12},"end":{"line":133,"column":79},"skip":true},"36":{"start":{"line":134,"column":12},"end":{"line":134,"column":25},"skip":true},"37":{"start":{"line":135,"column":12},"end":{"line":135,"column":45},"skip":true},"38":{"start":{"line":138,"column":8},"end":{"line":145,"column":14},"skip":true},"39":{"start":{"line":143,"column":16},"end":{"line":143,"column":29},"skip":true},"40":{"start":{"line":144,"column":16},"end":{"line":144,"column":55},"skip":true},"41":{"start":{"line":147,"column":8},"end":{"line":156,"column":10},"skip":true},"42":{"start":{"line":154,"column":12},"end":{"line":154,"column":25},"skip":true},"43":{"start":{"line":155,"column":12},"end":{"line":155,"column":45},"skip":true},"44":{"start":{"line":158,"column":8},"end":{"line":167,"column":10},"skip":true},"45":{"start":{"line":165,"column":12},"end":{"line":165,"column":25},"skip":true},"46":{"start":{"line":166,"column":12},"end":{"line":166,"column":48},"skip":true},"47":{"start":{"line":169,"column":8},"end":{"line":178,"column":10},"skip":true},"48":{"start":{"line":176,"column":12},"end":{"line":176,"column":25},"skip":true},"49":{"start":{"line":177,"column":12},"end":{"line":177,"column":46},"skip":true},"50":{"start":{"line":180,"column":8},"end":{"line":189,"column":10},"skip":true},"51":{"start":{"line":187,"column":12},"end":{"line":187,"column":94},"skip":true},"52":{"start":{"line":188,"column":12},"end":{"line":188,"column":48},"skip":true},"53":{"start":{"line":192,"column":8},"end":{"line":192,"column":35},"skip":true},"54":{"start":{"line":193,"column":8},"end":{"line":193,"column":14},"skip":true}},"branchMap":{"1":{"line":25,"type":"binary-expr","locations":[{"start":{"line":25,"column":23},"end":{"line":25,"column":62}},{"start":{"line":26,"column":20},"end":{"line":26,"column":70}},{"start":{"line":27,"column":20},"end":{"line":27,"column":71}},{"start":{"line":28,"column":20},"end":{"line":28,"column":29}}]},"2":{"line":30,"type":"binary-expr","locations":[{"start":{"line":30,"column":23},"end":{"line":30,"column":37}},{"start":{"line":31,"column":20},"end":{"line":31,"column":61}},{"start":{"line":32,"column":20},"end":{"line":32,"column":70}},{"start":{"line":33,"column":20},"end":{"line":33,"column":26}}]},"3":{"line":37,"type":"cond-expr","locations":[{"start":{"line":38,"column":14},"end":{"line":38,"column":20}},{"start":{"line":39,"column":14},"end":{"line":39,"column":20}}]},"4":{"line":40,"type":"switch","locations":[{"start":{"line":42,"column":8},"end":{"line":47,"column":18}},{"start":{"line":49,"column":8},"end":{"line":52,"column":18}}]},"5":{"line":44,"type":"binary-expr","locations":[{"start":{"line":44,"column":16},"end":{"line":44,"column":44}},{"start":{"line":44,"column":48},"end":{"line":44,"column":66}}]},"6":{"line":50,"type":"binary-expr","locations":[{"start":{"line":50,"column":21},"end":{"line":50,"column":49}},{"start":{"line":50,"column":53},"end":{"line":50,"column":72}}]},"7":{"line":64,"type":"switch","locations":[{"start":{"line":69,"column":4},"end":{"line":70,"column":14}},{"start":{"line":75,"column":4},"end":{"line":76,"column":14}}]},"8":{"line":85,"type":"switch","locations":[{"start":{"line":90,"column":4},"end":{"line":105,"column":14}},{"start":{"line":111,"column":4},"end":{"line":193,"column":14},"skip":true}]},"9":{"line":91,"type":"binary-expr","locations":[{"start":{"line":91,"column":42},"end":{"line":91,"column":73}},{"start":{"line":91,"column":77},"end":{"line":99,"column":9}}]},"10":{"line":102,"type":"binary-expr","locations":[{"start":{"line":102,"column":18},"end":{"line":102,"column":32}},{"start":{"line":103,"column":12},"end":{"line":103,"column":53}},{"start":{"line":104,"column":12},"end":{"line":104,"column":61}}]},"11":{"line":112,"type":"binary-expr","locations":[{"start":{"line":112,"column":45},"end":{"line":112,"column":79},"skip":true},{"start":{"line":112,"column":83},"end":{"line":121,"column":9},"skip":true}]},"12":{"line":123,"type":"binary-expr","locations":[{"start":{"line":123,"column":42},"end":{"line":123,"column":73},"skip":true},{"start":{"line":123,"column":77},"end":{"line":136,"column":9},"skip":true}]},"13":{"line":138,"type":"binary-expr","locations":[{"start":{"line":138,"column":48},"end":{"line":138,"column":85},"skip":true},{"start":{"line":139,"column":12},"end":{"line":145,"column":13},"skip":true}]},"14":{"line":147,"type":"binary-expr","locations":[{"start":{"line":147,"column":42},"end":{"line":147,"column":73},"skip":true},{"start":{"line":147,"column":77},"end":{"line":156,"column":9},"skip":true}]},"15":{"line":158,"type":"binary-expr","locations":[{"start":{"line":158,"column":45},"end":{"line":158,"column":79},"skip":true},{"start":{"line":158,"column":83},"end":{"line":167,"column":9},"skip":true}]},"16":{"line":169,"type":"binary-expr","locations":[{"start":{"line":169,"column":43},"end":{"line":169,"column":75},"skip":true},{"start":{"line":169,"column":79},"end":{"line":178,"column":9},"skip":true}]},"17":{"line":180,"type":"binary-expr","locations":[{"start":{"line":180,"column":41},"end":{"line":180,"column":71},"skip":true},{"start":{"line":180,"column":75},"end":{"line":189,"column":9},"skip":true}]}},"code":["/* istanbul instrument in package npmtest_winreg */","/*jslint","    bitwise: true,","    browser: true,","    maxerr: 8,","    maxlen: 96,","    node: true,","    nomen: true,","    regexp: true,","    stupid: true","*/","(function () {","    'use strict';","    var local;","","","","    // run shared js-env code - pre-init","    (function () {","        // init local","        local = {};","        // init modeJs","        local.modeJs = (function () {","            try {","                return typeof navigator.userAgent === 'string' &&","                    typeof document.querySelector('body') === 'object' &&","                    typeof XMLHttpRequest.prototype.open === 'function' &&","                    'browser';","            } catch (errorCaughtBrowser) {","                return module.exports &&","                    typeof process.versions.node === 'string' &&","                    typeof require('http').createServer === 'function' &&","                    'node';","            }","        }());","        // init global","        local.global = local.modeJs === 'browser'","            ? window","            : global;","        switch (local.modeJs) {","        // re-init local from window.local","        case 'browser':","            local = local.global.utility2.objectSetDefault(","                local.global.utility2_rollup || local.global.local,","                local.global.utility2","            );","            break;","        // re-init local from example.js","        case 'node':","            local = (local.global.utility2_rollup || require('utility2'))","                .requireExampleJsFromReadme();","            break;","        }","        // export local","        local.global.local = local;","    }());","","","","    // run shared js-env code - function","    (function () {","        return;","    }());","    switch (local.modeJs) {","","","","    // run browser js-env code - function","    case 'browser':","        break;","","","","    // run node js-env code - function","    case 'node':","        break;","    }","","","","    // run shared js-env code - post-init","    (function () {","        return;","    }());","    switch (local.modeJs) {","","","","    // run browser js-env code - post-init","    case 'browser':","        local.testCase_browser_nullCase = local.testCase_browser_nullCase || function (","            options,","            onError","        ) {","        /*","         * this function will test browsers's null-case handling-behavior-behavior","         */","            onError(null, options);","        };","","        // run tests","        local.nop(local.modeTest &&","            document.querySelector('#testRunButton1') &&","            document.querySelector('#testRunButton1').click());","        break;","","","","    // run node js-env code - post-init","    /* istanbul ignore next */","    case 'node':","        local.testCase_buildApidoc_default = local.testCase_buildApidoc_default || function (","            options,","            onError","        ) {","        /*","         * this function will test buildApidoc's default handling-behavior-behavior","         */","            options = { modulePathList: module.paths };","            local.buildApidoc(options, onError);","        };","","        local.testCase_buildApp_default = local.testCase_buildApp_default || function (","            options,","            onError","        ) {","        /*","         * this function will test buildApp's default handling-behavior-behavior","         */","            local.testCase_buildReadme_default(options, local.onErrorThrow);","            local.testCase_buildLib_default(options, local.onErrorThrow);","            local.testCase_buildTest_default(options, local.onErrorThrow);","            local.testCase_buildCustomOrg_default(options, local.onErrorThrow);","            options = [];","            local.buildApp(options, onError);","        };","","        local.testCase_buildCustomOrg_default = local.testCase_buildCustomOrg_default ||","            function (options, onError) {","            /*","             * this function will test buildCustomOrg's default handling-behavior","             */","                options = {};","                local.buildCustomOrg(options, onError);","            };","","        local.testCase_buildLib_default = local.testCase_buildLib_default || function (","            options,","            onError","        ) {","        /*","         * this function will test buildLib's default handling-behavior","         */","            options = {};","            local.buildLib(options, onError);","        };","","        local.testCase_buildReadme_default = local.testCase_buildReadme_default || function (","            options,","            onError","        ) {","        /*","         * this function will test buildReadme's default handling-behavior-behavior","         */","            options = {};","            local.buildReadme(options, onError);","        };","","        local.testCase_buildTest_default = local.testCase_buildTest_default || function (","            options,","            onError","        ) {","        /*","         * this function will test buildTest's default handling-behavior","         */","            options = {};","            local.buildTest(options, onError);","        };","","        local.testCase_webpage_default = local.testCase_webpage_default || function (","            options,","            onError","        ) {","        /*","         * this function will test webpage's default handling-behavior","         */","            options = { modeCoverageMerge: true, url: local.serverLocalHost + '?modeTest=1' };","            local.browserTest(options, onError);","        };","","        // run test-server","        local.testRunServer(local);","        break;","    }","}());",""],"l":{"12":2,"14":2,"19":2,"21":2,"23":2,"24":2,"25":2,"30":1,"37":2,"40":2,"43":1,"47":1,"50":1,"52":1,"55":2,"61":2,"62":2,"64":2,"70":1,"76":1,"82":2,"83":2,"85":2,"91":1,"98":1,"102":1,"105":1,"112":1,"119":1,"120":1,"123":1,"130":1,"131":1,"132":1,"133":1,"134":1,"135":1,"138":1,"143":2,"144":2,"147":1,"154":2,"155":2,"158":1,"165":2,"166":2,"169":1,"176":2,"177":2,"180":1,"187":1,"188":1,"192":1,"193":1}},"/home/travis/build/npmtest/node-npmtest-winreg/lib.npmtest_winreg.js":{"path":"/home/travis/build/npmtest/node-npmtest-winreg/lib.npmtest_winreg.js","s":{"1":2,"2":2,"3":2,"4":2,"5":2,"6":2,"7":2,"8":1,"9":2,"10":2,"11":2,"12":2,"13":1,"14":1,"15":1,"16":1},"b":{"1":[2,1,1,1],"2":[1,1,1,1],"3":[1,1],"4":[2,2],"5":[1,1]},"f":{"1":2,"2":2,"3":2},"fnMap":{"1":{"name":"(anonymous_1)","line":12,"loc":{"start":{"line":12,"column":1},"end":{"line":12,"column":13}}},"2":{"name":"(anonymous_2)","line":19,"loc":{"start":{"line":19,"column":5},"end":{"line":19,"column":17}}},"3":{"name":"(anonymous_3)","line":23,"loc":{"start":{"line":23,"column":24},"end":{"line":23,"column":36}}}},"statementMap":{"1":{"start":{"line":12,"column":0},"end":{"line":53,"column":5}},"2":{"start":{"line":14,"column":4},"end":{"line":14,"column":14}},"3":{"start":{"line":19,"column":4},"end":{"line":52,"column":9}},"4":{"start":{"line":21,"column":8},"end":{"line":21,"column":19}},"5":{"start":{"line":23,"column":8},"end":{"line":35,"column":13}},"6":{"start":{"line":24,"column":12},"end":{"line":34,"column":13}},"7":{"start":{"line":25,"column":16},"end":{"line":28,"column":30}},"8":{"start":{"line":30,"column":16},"end":{"line":33,"column":27}},"9":{"start":{"line":37,"column":8},"end":{"line":39,"column":21}},"10":{"start":{"line":41,"column":8},"end":{"line":41,"column":54}},"11":{"start":{"line":43,"column":8},"end":{"line":43,"column":51}},"12":{"start":{"line":45,"column":8},"end":{"line":51,"column":9}},"13":{"start":{"line":46,"column":12},"end":{"line":46,"column":57}},"14":{"start":{"line":48,"column":12},"end":{"line":48,"column":35}},"15":{"start":{"line":49,"column":12},"end":{"line":49,"column":49}},"16":{"start":{"line":50,"column":12},"end":{"line":50,"column":43}}},"branchMap":{"1":{"line":25,"type":"binary-expr","locations":[{"start":{"line":25,"column":23},"end":{"line":25,"column":62}},{"start":{"line":26,"column":20},"end":{"line":26,"column":70}},{"start":{"line":27,"column":20},"end":{"line":27,"column":71}},{"start":{"line":28,"column":20},"end":{"line":28,"column":29}}]},"2":{"line":30,"type":"binary-expr","locations":[{"start":{"line":30,"column":23},"end":{"line":30,"column":37}},{"start":{"line":31,"column":20},"end":{"line":31,"column":61}},{"start":{"line":32,"column":20},"end":{"line":32,"column":70}},{"start":{"line":33,"column":20},"end":{"line":33,"column":26}}]},"3":{"line":37,"type":"cond-expr","locations":[{"start":{"line":38,"column":14},"end":{"line":38,"column":20}},{"start":{"line":39,"column":14},"end":{"line":39,"column":20}}]},"4":{"line":41,"type":"binary-expr","locations":[{"start":{"line":41,"column":16},"end":{"line":41,"column":44}},{"start":{"line":41,"column":48},"end":{"line":41,"column":53}}]},"5":{"line":45,"type":"if","locations":[{"start":{"line":45,"column":8},"end":{"line":45,"column":8}},{"start":{"line":45,"column":8},"end":{"line":45,"column":8}}]}},"code":["/* istanbul instrument in package npmtest_winreg */","/*jslint","    bitwise: true,","    browser: true,","    maxerr: 8,","    maxlen: 96,","    node: true,","    nomen: true,","    regexp: true,","    stupid: true","*/","(function () {","    'use strict';","    var local;","","","","    // run shared js-env code - pre-init","    (function () {","        // init local","        local = {};","        // init modeJs","        local.modeJs = (function () {","            try {","                return typeof navigator.userAgent === 'string' &&","                    typeof document.querySelector('body') === 'object' &&","                    typeof XMLHttpRequest.prototype.open === 'function' &&","                    'browser';","            } catch (errorCaughtBrowser) {","                return module.exports &&","                    typeof process.versions.node === 'string' &&","                    typeof require('http').createServer === 'function' &&","                    'node';","            }","        }());","        // init global","        local.global = local.modeJs === 'browser'","            ? window","            : global;","        // init utility2_rollup","        local = local.global.utility2_rollup || local;","        // init lib","        local.local = local.npmtest_winreg = local;","        // init exports","        if (local.modeJs === 'browser') {","            local.global.utility2_npmtest_winreg = local;","        } else {","            module.exports = local;","            module.exports.__dirname = __dirname;","            module.exports.module = module;","        }","    }());","}());",""],"l":{"12":2,"14":2,"19":2,"21":2,"23":2,"24":2,"25":2,"30":1,"37":2,"41":2,"43":2,"45":2,"46":1,"48":1,"49":1,"50":1}},"/home/travis/build/npmtest/node-npmtest-winreg/example.js":{"path":"/home/travis/build/npmtest/node-npmtest-winreg/example.js","s":{"1":2,"2":2,"3":2,"4":2,"5":2,"6":2,"7":2,"8":1,"9":2,"10":2,"11":2,"12":2,"13":1,"14":2,"15":2,"16":2,"17":2,"18":2,"19":0,"20":2,"21":1,"22":1,"23":1,"24":1,"25":1,"26":0,"27":0,"28":1,"29":1,"30":2,"31":0,"32":0,"33":0,"34":1,"35":2,"36":2,"37":3,"38":3,"39":3,"40":3,"41":0,"42":3,"43":3,"44":3,"45":1,"46":3,"47":1,"48":1,"49":1,"50":1,"51":1,"52":1,"53":1,"54":1,"55":1,"56":1,"57":0,"58":1,"59":6,"60":6,"61":1,"62":2,"63":0,"64":2,"65":1,"66":1,"67":0,"68":0,"69":0,"70":0,"71":0,"72":0,"73":0,"74":0,"75":0,"76":0,"77":0,"78":0,"79":0,"80":0,"81":0,"82":0,"83":0},"b":{"1":[2,1,1,1],"2":[1,1,1,1],"3":[1,1],"4":[2,2],"5":[1,1],"6":[1,1],"7":[2,0],"8":[2,1,1,1,1,1],"9":[0,2,0],"10":[1,1],"11":[2,1,1],"12":[1,0],"13":[0,2],"14":[2,0,0,0,0,0,0],"15":[0,3],"16":[3,0],"17":[1,1],"18":[0,1],"19":[1,2,0,2],"20":[1,0],"21":[1,1],"22":[0,0],"23":[0,0],"24":[0,0],"25":[0,0],"26":[0,0],"27":[0,0],"28":[0,0]},"f":{"1":2,"2":2,"3":2,"4":2,"5":2,"6":2,"7":3,"8":3,"9":3,"10":1,"11":6,"12":0},"fnMap":{"1":{"name":"(anonymous_1)","line":26,"loc":{"start":{"line":26,"column":1},"end":{"line":26,"column":13}}},"2":{"name":"(anonymous_2)","line":33,"loc":{"start":{"line":33,"column":5},"end":{"line":33,"column":17}}},"3":{"name":"(anonymous_3)","line":37,"loc":{"start":{"line":37,"column":24},"end":{"line":37,"column":36}}},"4":{"name":"(anonymous_4)","line":69,"loc":{"start":{"line":69,"column":31},"end":{"line":69,"column":48}},"skip":true},"5":{"name":"(anonymous_5)","line":78,"loc":{"start":{"line":78,"column":26},"end":{"line":78,"column":45}},"skip":true},"6":{"name":"(anonymous_6)","line":123,"loc":{"start":{"line":123,"column":33},"end":{"line":123,"column":48}},"skip":true},"7":{"name":"(anonymous_7)","line":125,"loc":{"start":{"line":125,"column":27},"end":{"line":125,"column":39}},"skip":true},"8":{"name":"(anonymous_8)","line":133,"loc":{"start":{"line":133,"column":59},"end":{"line":133,"column":74}},"skip":true},"9":{"name":"(anonymous_9)","line":143,"loc":{"start":{"line":143,"column":45},"end":{"line":143,"column":62}},"skip":true},"10":{"name":"(anonymous_10)","line":144,"loc":{"start":{"line":144,"column":73},"end":{"line":144,"column":92}},"skip":true},"11":{"name":"(anonymous_11)","line":272,"loc":{"start":{"line":272,"column":51},"end":{"line":272,"column":77}},"skip":true},"12":{"name":"(anonymous_12)","line":315,"loc":{"start":{"line":315,"column":32},"end":{"line":315,"column":61}},"skip":true}},"statementMap":{"1":{"start":{"line":26,"column":0},"end":{"line":326,"column":5}},"2":{"start":{"line":28,"column":4},"end":{"line":28,"column":14}},"3":{"start":{"line":33,"column":4},"end":{"line":60,"column":9}},"4":{"start":{"line":35,"column":8},"end":{"line":35,"column":19}},"5":{"start":{"line":37,"column":8},"end":{"line":49,"column":13}},"6":{"start":{"line":38,"column":12},"end":{"line":48,"column":13}},"7":{"start":{"line":39,"column":16},"end":{"line":42,"column":30}},"8":{"start":{"line":44,"column":16},"end":{"line":47,"column":27}},"9":{"start":{"line":51,"column":8},"end":{"line":53,"column":21}},"10":{"start":{"line":55,"column":8},"end":{"line":57,"column":45}},"11":{"start":{"line":59,"column":8},"end":{"line":59,"column":35}},"12":{"start":{"line":61,"column":4},"end":{"line":325,"column":5}},"13":{"start":{"line":69,"column":8},"end":{"line":121,"column":10},"skip":true},"14":{"start":{"line":70,"column":12},"end":{"line":88,"column":13},"skip":true},"15":{"start":{"line":76,"column":16},"end":{"line":87,"column":19},"skip":true},"16":{"start":{"line":79,"column":20},"end":{"line":86,"column":21},"skip":true},"17":{"start":{"line":82,"column":24},"end":{"line":82,"column":43},"skip":true},"18":{"start":{"line":83,"column":24},"end":{"line":83,"column":30},"skip":true},"19":{"start":{"line":85,"column":24},"end":{"line":85,"column":49},"skip":true},"20":{"start":{"line":89,"column":12},"end":{"line":107,"column":13},"skip":true},"21":{"start":{"line":92,"column":16},"end":{"line":102,"column":17},"skip":true},"22":{"start":{"line":93,"column":20},"end":{"line":93,"column":86},"skip":true},"23":{"start":{"line":94,"column":20},"end":{"line":95,"column":45},"skip":true},"24":{"start":{"line":96,"column":20},"end":{"line":96,"column":42},"skip":true},"25":{"start":{"line":97,"column":20},"end":{"line":97,"column":48},"skip":true},"26":{"start":{"line":100,"column":20},"end":{"line":100,"column":85},"skip":true},"27":{"start":{"line":101,"column":20},"end":{"line":101,"column":96},"skip":true},"28":{"start":{"line":103,"column":16},"end":{"line":103,"column":22},"skip":true},"29":{"start":{"line":106,"column":16},"end":{"line":106,"column":22},"skip":true},"30":{"start":{"line":108,"column":12},"end":{"line":120,"column":13},"skip":true},"31":{"start":{"line":114,"column":16},"end":{"line":119,"column":17},"skip":true},"32":{"start":{"line":116,"column":20},"end":{"line":116,"column":78},"skip":true},"33":{"start":{"line":118,"column":20},"end":{"line":118,"column":47},"skip":true},"34":{"start":{"line":123,"column":8},"end":{"line":141,"column":11},"skip":true},"35":{"start":{"line":124,"column":12},"end":{"line":124,"column":54},"skip":true},"36":{"start":{"line":125,"column":12},"end":{"line":140,"column":14},"skip":true},"37":{"start":{"line":126,"column":16},"end":{"line":126,"column":28},"skip":true},"38":{"start":{"line":127,"column":16},"end":{"line":127,"column":69},"skip":true},"39":{"start":{"line":128,"column":16},"end":{"line":128,"column":75},"skip":true},"40":{"start":{"line":129,"column":16},"end":{"line":131,"column":17},"skip":true},"41":{"start":{"line":130,"column":20},"end":{"line":130,"column":27},"skip":true},"42":{"start":{"line":133,"column":16},"end":{"line":137,"column":36},"skip":true},"43":{"start":{"line":134,"column":20},"end":{"line":136,"column":55},"skip":true},"44":{"start":{"line":139,"column":16},"end":{"line":139,"column":57},"skip":true},"45":{"start":{"line":143,"column":8},"end":{"line":147,"column":11},"skip":true},"46":{"start":{"line":144,"column":12},"end":{"line":146,"column":15},"skip":true},"47":{"start":{"line":145,"column":16},"end":{"line":145,"column":70},"skip":true},"48":{"start":{"line":149,"column":8},"end":{"line":149,"column":31},"skip":true},"49":{"start":{"line":150,"column":8},"end":{"line":150,"column":14},"skip":true},"50":{"start":{"line":158,"column":8},"end":{"line":158,"column":31},"skip":true},"51":{"start":{"line":160,"column":8},"end":{"line":160,"column":33},"skip":true},"52":{"start":{"line":161,"column":8},"end":{"line":161,"column":37},"skip":true},"53":{"start":{"line":162,"column":8},"end":{"line":162,"column":35},"skip":true},"54":{"start":{"line":164,"column":8},"end":{"line":164,"column":50},"skip":true},"55":{"start":{"line":166,"column":8},"end":{"line":256,"column":2},"skip":true},"56":{"start":{"line":258,"column":8},"end":{"line":286,"column":9},"skip":true},"57":{"start":{"line":259,"column":12},"end":{"line":269,"column":14},"skip":true},"58":{"start":{"line":271,"column":12},"end":{"line":285,"column":19},"skip":true},"59":{"start":{"line":274,"column":20},"end":{"line":274,"column":35},"skip":true},"60":{"start":{"line":275,"column":20},"end":{"line":284,"column":21},"skip":true},"61":{"start":{"line":277,"column":24},"end":{"line":277,"column":64},"skip":true},"62":{"start":{"line":279,"column":24},"end":{"line":279,"column":40},"skip":true},"63":{"start":{"line":281,"column":24},"end":{"line":281,"column":40},"skip":true},"64":{"start":{"line":283,"column":24},"end":{"line":283,"column":39},"skip":true},"65":{"start":{"line":288,"column":8},"end":{"line":290,"column":9},"skip":true},"66":{"start":{"line":289,"column":12},"end":{"line":289,"column":18},"skip":true},"67":{"start":{"line":291,"column":8},"end":{"line":293,"column":54},"skip":true},"68":{"start":{"line":296,"column":8},"end":{"line":301,"column":37},"skip":true},"69":{"start":{"line":303,"column":8},"end":{"line":303,"column":82},"skip":true},"70":{"start":{"line":306,"column":8},"end":{"line":308,"column":9},"skip":true},"71":{"start":{"line":307,"column":12},"end":{"line":307,"column":82},"skip":true},"72":{"start":{"line":310,"column":8},"end":{"line":312,"column":9},"skip":true},"73":{"start":{"line":311,"column":12},"end":{"line":311,"column":18},"skip":true},"74":{"start":{"line":313,"column":8},"end":{"line":313,"column":54},"skip":true},"75":{"start":{"line":314,"column":8},"end":{"line":314,"column":69},"skip":true},"76":{"start":{"line":315,"column":8},"end":{"line":323,"column":36},"skip":true},"77":{"start":{"line":316,"column":12},"end":{"line":316,"column":61},"skip":true},"78":{"start":{"line":317,"column":12},"end":{"line":320,"column":13},"skip":true},"79":{"start":{"line":318,"column":16},"end":{"line":318,"column":75},"skip":true},"80":{"start":{"line":319,"column":16},"end":{"line":319,"column":23},"skip":true},"81":{"start":{"line":321,"column":12},"end":{"line":321,"column":38},"skip":true},"82":{"start":{"line":322,"column":12},"end":{"line":322,"column":27},"skip":true},"83":{"start":{"line":324,"column":8},"end":{"line":324,"column":14},"skip":true}},"branchMap":{"1":{"line":39,"type":"binary-expr","locations":[{"start":{"line":39,"column":23},"end":{"line":39,"column":62}},{"start":{"line":40,"column":20},"end":{"line":40,"column":70}},{"start":{"line":41,"column":20},"end":{"line":41,"column":71}},{"start":{"line":42,"column":20},"end":{"line":42,"column":29}}]},"2":{"line":44,"type":"binary-expr","locations":[{"start":{"line":44,"column":23},"end":{"line":44,"column":37}},{"start":{"line":45,"column":20},"end":{"line":45,"column":61}},{"start":{"line":46,"column":20},"end":{"line":46,"column":70}},{"start":{"line":47,"column":20},"end":{"line":47,"column":26}}]},"3":{"line":51,"type":"cond-expr","locations":[{"start":{"line":52,"column":14},"end":{"line":52,"column":20}},{"start":{"line":53,"column":14},"end":{"line":53,"column":20}}]},"4":{"line":55,"type":"binary-expr","locations":[{"start":{"line":55,"column":16},"end":{"line":55,"column":44}},{"start":{"line":55,"column":49},"end":{"line":57,"column":43}}]},"5":{"line":55,"type":"cond-expr","locations":[{"start":{"line":56,"column":14},"end":{"line":56,"column":50}},{"start":{"line":57,"column":14},"end":{"line":57,"column":43}}]},"6":{"line":61,"type":"switch","locations":[{"start":{"line":68,"column":4},"end":{"line":150,"column":14},"skip":true},{"start":{"line":156,"column":4},"end":{"line":324,"column":14},"skip":true}]},"7":{"line":70,"type":"if","locations":[{"start":{"line":70,"column":12},"end":{"line":70,"column":12},"skip":true},{"start":{"line":70,"column":12},"end":{"line":70,"column":12},"skip":true}]},"8":{"line":70,"type":"binary-expr","locations":[{"start":{"line":70,"column":16},"end":{"line":70,"column":22},"skip":true},{"start":{"line":70,"column":27},"end":{"line":70,"column":32},"skip":true},{"start":{"line":71,"column":20},"end":{"line":71,"column":39},"skip":true},{"start":{"line":72,"column":20},"end":{"line":72,"column":49},"skip":true},{"start":{"line":73,"column":20},"end":{"line":73,"column":58},"skip":true},{"start":{"line":74,"column":20},"end":{"line":74,"column":69},"skip":true}]},"9":{"line":79,"type":"switch","locations":[{"start":{"line":80,"column":20},"end":{"line":80,"column":33},"skip":true},{"start":{"line":81,"column":20},"end":{"line":83,"column":30},"skip":true},{"start":{"line":84,"column":20},"end":{"line":85,"column":49},"skip":true}]},"10":{"line":89,"type":"switch","locations":[{"start":{"line":90,"column":12},"end":{"line":103,"column":22},"skip":true},{"start":{"line":105,"column":12},"end":{"line":106,"column":22},"skip":true}]},"11":{"line":89,"type":"binary-expr","locations":[{"start":{"line":89,"column":20},"end":{"line":89,"column":25},"skip":true},{"start":{"line":89,"column":29},"end":{"line":89,"column":48},"skip":true},{"start":{"line":89,"column":52},"end":{"line":89,"column":74},"skip":true}]},"12":{"line":92,"type":"if","locations":[{"start":{"line":92,"column":16},"end":{"line":92,"column":16},"skip":true},{"start":{"line":92,"column":16},"end":{"line":92,"column":16},"skip":true}]},"13":{"line":108,"type":"if","locations":[{"start":{"line":108,"column":12},"end":{"line":108,"column":12},"skip":true},{"start":{"line":108,"column":12},"end":{"line":108,"column":12},"skip":true}]},"14":{"line":108,"type":"binary-expr","locations":[{"start":{"line":108,"column":16},"end":{"line":108,"column":61},"skip":true},{"start":{"line":108,"column":66},"end":{"line":108,"column":72},"skip":true},{"start":{"line":108,"column":77},"end":{"line":108,"column":82},"skip":true},{"start":{"line":109,"column":20},"end":{"line":109,"column":39},"skip":true},{"start":{"line":110,"column":20},"end":{"line":110,"column":49},"skip":true},{"start":{"line":111,"column":20},"end":{"line":111,"column":58},"skip":true},{"start":{"line":112,"column":20},"end":{"line":112,"column":68},"skip":true}]},"15":{"line":129,"type":"if","locations":[{"start":{"line":129,"column":16},"end":{"line":129,"column":16},"skip":true},{"start":{"line":129,"column":16},"end":{"line":129,"column":16},"skip":true}]},"16":{"line":134,"type":"cond-expr","locations":[{"start":{"line":135,"column":26},"end":{"line":135,"column":29},"skip":true},{"start":{"line":136,"column":26},"end":{"line":136,"column":54},"skip":true}]},"17":{"line":164,"type":"binary-expr","locations":[{"start":{"line":164,"column":27},"end":{"line":164,"column":43},"skip":true},{"start":{"line":164,"column":47},"end":{"line":164,"column":49},"skip":true}]},"18":{"line":258,"type":"if","locations":[{"start":{"line":258,"column":8},"end":{"line":258,"column":8},"skip":true},{"start":{"line":258,"column":8},"end":{"line":258,"column":8},"skip":true}]},"19":{"line":275,"type":"switch","locations":[{"start":{"line":276,"column":20},"end":{"line":277,"column":64},"skip":true},{"start":{"line":278,"column":20},"end":{"line":279,"column":40},"skip":true},{"start":{"line":280,"column":20},"end":{"line":281,"column":40},"skip":true},{"start":{"line":282,"column":20},"end":{"line":283,"column":39},"skip":true}]},"20":{"line":288,"type":"if","locations":[{"start":{"line":288,"column":8},"end":{"line":288,"column":8},"skip":true},{"start":{"line":288,"column":8},"end":{"line":288,"column":8},"skip":true}]},"21":{"line":288,"type":"binary-expr","locations":[{"start":{"line":288,"column":12},"end":{"line":288,"column":40},"skip":true},{"start":{"line":288,"column":44},"end":{"line":288,"column":67},"skip":true}]},"22":{"line":292,"type":"binary-expr","locations":[{"start":{"line":292,"column":12},"end":{"line":292,"column":50},"skip":true},{"start":{"line":293,"column":12},"end":{"line":293,"column":53},"skip":true}]},"23":{"line":297,"type":"binary-expr","locations":[{"start":{"line":297,"column":12},"end":{"line":297,"column":64},"skip":true},{"start":{"line":298,"column":12},"end":{"line":301,"column":36},"skip":true}]},"24":{"line":303,"type":"binary-expr","locations":[{"start":{"line":303,"column":43},"end":{"line":303,"column":75},"skip":true},{"start":{"line":303,"column":79},"end":{"line":303,"column":81},"skip":true}]},"25":{"line":306,"type":"if","locations":[{"start":{"line":306,"column":8},"end":{"line":306,"column":8},"skip":true},{"start":{"line":306,"column":8},"end":{"line":306,"column":8},"skip":true}]},"26":{"line":310,"type":"if","locations":[{"start":{"line":310,"column":8},"end":{"line":310,"column":8},"skip":true},{"start":{"line":310,"column":8},"end":{"line":310,"column":8},"skip":true}]},"27":{"line":313,"type":"binary-expr","locations":[{"start":{"line":313,"column":27},"end":{"line":313,"column":43},"skip":true},{"start":{"line":313,"column":47},"end":{"line":313,"column":53},"skip":true}]},"28":{"line":317,"type":"if","locations":[{"start":{"line":317,"column":12},"end":{"line":317,"column":12},"skip":true},{"start":{"line":317,"column":12},"end":{"line":317,"column":12},"skip":true}]}},"code":["/*","example.js","","quickstart example","","instruction","    1. save this script as example.js","    2. run the shell command:","        $ npm install npmtest-winreg && PORT=8081 node example.js","    3. play with the browser-demo on http://127.0.0.1:8081","*/","","","","/* istanbul instrument in package npmtest_winreg */","/*jslint","    bitwise: true,","    browser: true,","    maxerr: 8,","    maxlen: 96,","    node: true,","    nomen: true,","    regexp: true,","    stupid: true","*/","(function () {","    'use strict';","    var local;","","","","    // run shared js-env code - pre-init","    (function () {","        // init local","        local = {};","        // init modeJs","        local.modeJs = (function () {","            try {","                return typeof navigator.userAgent === 'string' &&","                    typeof document.querySelector('body') === 'object' &&","                    typeof XMLHttpRequest.prototype.open === 'function' &&","                    'browser';","            } catch (errorCaughtBrowser) {","                return module.exports &&","                    typeof process.versions.node === 'string' &&","                    typeof require('http').createServer === 'function' &&","                    'node';","            }","        }());","        // init global","        local.global = local.modeJs === 'browser'","            ? window","            : global;","        // init utility2_rollup","        local = local.global.utility2_rollup || (local.modeJs === 'browser'","            ? local.global.utility2_npmtest_winreg","            : global.utility2_moduleExports);","        // export local","        local.global.local = local;","    }());","    switch (local.modeJs) {","","","","    // post-init","    // run browser js-env code - post-init","    /* istanbul ignore next */","    case 'browser':","        local.testRunBrowser = function (event) {","            if (!event || (event &&","                    event.currentTarget &&","                    event.currentTarget.className &&","                    event.currentTarget.className.includes &&","                    event.currentTarget.className.includes('onreset'))) {","                // reset output","                Array.from(","                    document.querySelectorAll('body > .resettable')","                ).forEach(function (element) {","                    switch (element.tagName) {","                    case 'INPUT':","                    case 'TEXTAREA':","                        element.value = '';","                        break;","                    default:","                        element.textContent = '';","                    }","                });","            }","            switch (event && event.currentTarget && event.currentTarget.id) {","            case 'testRunButton1':","                // show tests","                if (document.querySelector('#testReportDiv1').style.display === 'none') {","                    document.querySelector('#testReportDiv1').style.display = 'block';","                    document.querySelector('#testRunButton1').textContent =","                        'hide internal test';","                    local.modeTest = true;","                    local.testRunDefault(local);","                // hide tests","                } else {","                    document.querySelector('#testReportDiv1').style.display = 'none';","                    document.querySelector('#testRunButton1').textContent = 'run internal test';","                }","                break;","            // custom-case","            default:","                break;","            }","            if (document.querySelector('#inputTextareaEval1') && (!event || (event &&","                    event.currentTarget &&","                    event.currentTarget.className &&","                    event.currentTarget.className.includes &&","                    event.currentTarget.className.includes('oneval')))) {","                // try to eval input-code","                try {","                    /*jslint evil: true*/","                    eval(document.querySelector('#inputTextareaEval1').value);","                } catch (errorCaught) {","                    console.error(errorCaught);","                }","            }","        };","        // log stderr and stdout to #outputTextareaStdout1","        ['error', 'log'].forEach(function (key) {","            console[key + '_original'] = console[key];","            console[key] = function () {","                var element;","                console[key + '_original'].apply(console, arguments);","                element = document.querySelector('#outputTextareaStdout1');","                if (!element) {","                    return;","                }","                // append text to #outputTextareaStdout1","                element.value += Array.from(arguments).map(function (arg) {","                    return typeof arg === 'string'","                        ? arg","                        : JSON.stringify(arg, null, 4);","                }).join(' ') + '\\n';","                // scroll textarea to bottom","                element.scrollTop = element.scrollHeight;","            };","        });","        // init event-handling","        ['change', 'click', 'keyup'].forEach(function (event) {","            Array.from(document.querySelectorAll('.on' + event)).forEach(function (element) {","                element.addEventListener(event, local.testRunBrowser);","            });","        });","        // run tests","        local.testRunBrowser();","        break;","","","","    // run node js-env code - post-init","    /* istanbul ignore next */","    case 'node':","        // export local","        module.exports = local;","        // require modules","        local.fs = require('fs');","        local.http = require('http');","        local.url = require('url');","        // init assets","        local.assetsDict = local.assetsDict || {};","        /* jslint-ignore-begin */","        local.assetsDict['/assets.index.template.html'] = '\\","<!doctype html>\\n\\","<html lang=\"en\">\\n\\","<head>\\n\\","<meta charset=\"UTF-8\">\\n\\","<meta name=\"viewport\" content=\"width=device-width, initial-scale=1\">\\n\\","<title>{{env.npm_package_name}} (v{{env.npm_package_version}})</title>\\n\\","<style>\\n\\","/*csslint\\n\\","    box-sizing: false,\\n\\","    universal-selector: false\\n\\","*/\\n\\","* {\\n\\","    box-sizing: border-box;\\n\\","}\\n\\","body {\\n\\","    background: #dde;\\n\\","    font-family: Arial, Helvetica, sans-serif;\\n\\","    margin: 2rem;\\n\\","}\\n\\","body > * {\\n\\","    margin-bottom: 1rem;\\n\\","}\\n\\",".utility2FooterDiv {\\n\\","    margin-top: 20px;\\n\\","    text-align: center;\\n\\","}\\n\\","</style>\\n\\","<style>\\n\\","/*csslint\\n\\","*/\\n\\","textarea {\\n\\","    font-family: monospace;\\n\\","    height: 10rem;\\n\\","    width: 100%;\\n\\","}\\n\\","textarea[readonly] {\\n\\","    background: #ddd;\\n\\","}\\n\\","</style>\\n\\","</head>\\n\\","<body>\\n\\","<!-- utility2-comment\\n\\","<div id=\"ajaxProgressDiv1\" style=\"background: #d00; height: 2px; left: 0; margin: 0; padding: 0; position: fixed; top: 0; transition: background 0.5s, width 1.5s; width: 25%;\"></div>\\n\\","utility2-comment -->\\n\\","<h1>\\n\\","<!-- utility2-comment\\n\\","    <a\\n\\","        {{#if env.npm_package_homepage}}\\n\\","        href=\"{{env.npm_package_homepage}}\"\\n\\","        {{/if env.npm_package_homepage}}\\n\\","        target=\"_blank\"\\n\\","    >\\n\\","utility2-comment -->\\n\\","        {{env.npm_package_name}} (v{{env.npm_package_version}})\\n\\","<!-- utility2-comment\\n\\","    </a>\\n\\","utility2-comment -->\\n\\","</h1>\\n\\","<h3>{{env.npm_package_description}}</h3>\\n\\","<!-- utility2-comment\\n\\","<h4><a download href=\"assets.app.js\">download standalone app</a></h4>\\n\\","<button class=\"onclick onreset\" id=\"testRunButton1\">run internal test</button><br>\\n\\","<div id=\"testReportDiv1\" style=\"display: none;\"></div>\\n\\","utility2-comment -->\\n\\","\\n\\","\\n\\","\\n\\","<label>stderr and stdout</label>\\n\\","<textarea class=\"resettable\" id=\"outputTextareaStdout1\" readonly></textarea>\\n\\","<!-- utility2-comment\\n\\","{{#if isRollup}}\\n\\","<script src=\"assets.app.js\"></script>\\n\\","{{#unless isRollup}}\\n\\","utility2-comment -->\\n\\","<script src=\"assets.utility2.rollup.js\"></script>\\n\\","<script src=\"jsonp.utility2._stateInit?callback=window.utility2._stateInit\"></script>\\n\\","<script src=\"assets.npmtest_winreg.rollup.js\"></script>\\n\\","<script src=\"assets.example.js\"></script>\\n\\","<script src=\"assets.test.js\"></script>\\n\\","<!-- utility2-comment\\n\\","{{/if isRollup}}\\n\\","utility2-comment -->\\n\\","<div class=\"utility2FooterDiv\">\\n\\","    [ this app was created with\\n\\","    <a href=\"https://github.com/kaizhu256/node-utility2\" target=\"_blank\">utility2</a>\\n\\","    ]\\n\\","</div>\\n\\","</body>\\n\\","</html>\\n\\","';","        /* jslint-ignore-end */","        if (local.templateRender) {","            local.assetsDict['/'] = local.templateRender(","                local.assetsDict['/assets.index.template.html'],","                {","                    env: local.objectSetDefault(local.env, {","                        npm_package_description: 'the greatest app in the world!',","                        npm_package_name: 'my-app',","                        npm_package_nameAlias: 'my_app',","                        npm_package_version: '0.0.1'","                    })","                }","            );","        } else {","            local.assetsDict['/'] = local.assetsDict['/assets.index.template.html']","                .replace((/\\{\\{env\\.(\\w+?)\\}\\}/g), function (match0, match1) {","                    // jslint-hack","                    String(match0);","                    switch (match1) {","                    case 'npm_package_description':","                        return 'the greatest app in the world!';","                    case 'npm_package_name':","                        return 'my-app';","                    case 'npm_package_nameAlias':","                        return 'my_app';","                    case 'npm_package_version':","                        return '0.0.1';","                    }","                });","        }","        // run the cli","        if (local.global.utility2_rollup || module !== require.main) {","            break;","        }","        local.assetsDict['/assets.example.js'] =","            local.assetsDict['/assets.example.js'] ||","            local.fs.readFileSync(__filename, 'utf8');","        // bug-workaround - long $npm_package_buildCustomOrg","        /* jslint-ignore-begin */","        local.assetsDict['/assets.npmtest_winreg.rollup.js'] =","            local.assetsDict['/assets.npmtest_winreg.rollup.js'] ||","            local.fs.readFileSync(","                local.npmtest_winreg.__dirname + '/lib.npmtest_winreg.js',","                'utf8'","            ).replace((/^#!/), '//');","        /* jslint-ignore-end */","        local.assetsDict['/favicon.ico'] = local.assetsDict['/favicon.ico'] || '';","        // if $npm_config_timeout_exit exists,","        // then exit this process after $npm_config_timeout_exit ms","        if (Number(process.env.npm_config_timeout_exit)) {","            setTimeout(process.exit, Number(process.env.npm_config_timeout_exit));","        }","        // start server","        if (local.global.utility2_serverHttp1) {","            break;","        }","        process.env.PORT = process.env.PORT || '8081';","        console.error('server starting on port ' + process.env.PORT);","        local.http.createServer(function (request, response) {","            request.urlParsed = local.url.parse(request.url);","            if (local.assetsDict[request.urlParsed.pathname] !== undefined) {","                response.end(local.assetsDict[request.urlParsed.pathname]);","                return;","            }","            response.statusCode = 404;","            response.end();","        }).listen(process.env.PORT);","        break;","    }","}());",""],"l":{"26":2,"28":2,"33":2,"35":2,"37":2,"38":2,"39":2,"44":1,"51":2,"55":2,"59":2,"61":2,"69":1,"70":2,"76":2,"79":2,"82":2,"83":2,"85":1,"89":2,"92":1,"93":1,"94":1,"96":1,"97":1,"100":1,"101":1,"103":1,"106":1,"108":2,"114":1,"116":1,"118":1,"123":1,"124":2,"125":2,"126":3,"127":3,"128":3,"129":3,"130":1,"133":3,"134":3,"139":3,"143":1,"144":3,"145":1,"149":1,"150":1,"158":1,"160":1,"161":1,"162":1,"164":1,"166":1,"258":1,"259":1,"271":1,"274":6,"275":6,"277":1,"279":2,"281":1,"283":2,"288":1,"289":1,"291":1,"296":1,"303":1,"306":1,"307":1,"310":1,"311":1,"313":1,"314":1,"315":1,"316":1,"317":1,"318":1,"319":1,"321":1,"322":1,"324":1}},"/home/travis/build/npmtest/node-npmtest-winreg/node_modules/winreg/lib/registry.js":{"path":"/home/travis/build/npmtest/node-npmtest-winreg/node_modules/winreg/lib/registry.js","s":{"1":1,"2":1,"3":0,"4":0,"5":0,"6":0,"7":0,"8":0,"9":0,"10":0,"11":0,"12":1,"13":1,"14":0,"15":0,"16":0,"17":0,"18":0,"19":0,"20":1,"21":0,"22":0,"23":0,"24":0,"25":1,"26":0,"27":0,"28":0,"29":0,"30":0,"31":1,"32":0,"33":0,"34":1,"35":0,"36":0,"37":0,"38":1,"39":0,"40":0,"41":0,"42":0,"43":0,"44":0,"45":0,"46":0,"47":0,"48":0,"49":0,"50":0,"51":0,"52":0,"53":0,"54":0,"55":0,"56":1,"57":1,"58":0,"59":0,"60":0,"61":0,"62":0,"63":0,"64":0,"65":0,"66":0,"67":0,"68":0,"69":0,"70":0,"71":0,"72":0,"73":0,"74":0,"75":0,"76":0,"77":0,"78":0,"79":0,"80":1,"81":1,"82":1,"83":1,"84":1,"85":1,"86":1,"87":1,"88":1,"89":1,"90":1,"91":1,"92":1,"93":1,"94":1,"95":1,"96":0,"97":0,"98":0,"99":0,"100":0,"101":0,"102":0,"103":0,"104":0,"105":0,"106":0,"107":0,"108":0,"109":0,"110":0,"111":0,"112":0,"113":0,"114":0,"115":0,"116":0,"117":0,"118":0,"119":0,"120":0,"121":0,"122":0,"123":0,"124":0,"125":0,"126":0,"127":0,"128":0,"129":0,"130":1,"131":0,"132":0,"133":0,"134":0,"135":0,"136":0,"137":0,"138":0,"139":0,"140":0,"141":0,"142":0,"143":0,"144":0,"145":0,"146":0,"147":0,"148":0,"149":0,"150":0,"151":0,"152":0,"153":0,"154":0,"155":0,"156":0,"157":0,"158":0,"159":0,"160":0,"161":0,"162":0,"163":0,"164":1,"165":0,"166":0,"167":0,"168":0,"169":0,"170":0,"171":0,"172":0,"173":0,"174":0,"175":0,"176":0,"177":0,"178":0,"179":0,"180":0,"181":0,"182":0,"183":0,"184":0,"185":0,"186":0,"187":0,"188":0,"189":0,"190":0,"191":0,"192":0,"193":0,"194":0,"195":0,"196":0,"197":0,"198":0,"199":0,"200":0,"201":1,"202":0,"203":0,"204":0,"205":0,"206":0,"207":0,"208":0,"209":0,"210":0,"211":0,"212":0,"213":0,"214":0,"215":0,"216":0,"217":0,"218":0,"219":0,"220":0,"221":0,"222":0,"223":0,"224":0,"225":0,"226":0,"227":1,"228":0,"229":0,"230":0,"231":0,"232":0,"233":0,"234":0,"235":0,"236":0,"237":0,"238":0,"239":0,"240":0,"241":0,"242":0,"243":0,"244":0,"245":0,"246":0,"247":1,"248":0,"249":0,"250":0,"251":0,"252":0,"253":0,"254":0,"255":0,"256":0,"257":0,"258":0,"259":0,"260":0,"261":0,"262":0,"263":0,"264":0,"265":0,"266":0,"267":1,"268":1,"269":0,"270":0,"271":0,"272":0,"273":0,"274":0,"275":0,"276":0,"277":0,"278":0,"279":0,"280":0,"281":0,"282":0,"283":0,"284":0,"285":0,"286":0,"287":0,"288":1,"289":0,"290":0,"291":0,"292":0,"293":0,"294":0,"295":0,"296":0,"297":0,"298":0,"299":0,"300":0,"301":0,"302":0,"303":0,"304":0,"305":0,"306":0,"307":0,"308":1,"309":0,"310":0,"311":0,"312":0,"313":0,"314":0,"315":0,"316":1,"317":0,"318":0,"319":0,"320":0,"321":0,"322":0,"323":0,"324":1},"b":{"1":[0,0],"2":[0,0],"3":[0,0],"4":[0,0],"5":[0,0],"6":[0,0],"7":[0,0],"8":[0,0],"9":[0,0],"10":[0,0],"11":[0,0],"12":[0,0],"13":[0,0],"14":[0,0],"15":[0,0],"16":[0,0],"17":[0,0],"18":[0,0,0],"19":[0,0],"20":[0,0],"21":[0,0],"22":[0,0],"23":[0,0],"24":[0,0],"25":[0,0],"26":[0,0],"27":[0,0],"28":[0,0],"29":[0,0],"30":[0,0],"31":[0,0],"32":[0,0],"33":[0,0],"34":[0,0],"35":[0,0],"36":[0,0],"37":[0,0],"38":[0,0],"39":[0,0],"40":[0,0],"41":[0,0],"42":[0,0],"43":[0,0],"44":[0,0],"45":[0,0],"46":[0,0],"47":[0,0],"48":[0,0],"49":[0,0],"50":[0,0],"51":[0,0],"52":[0,0],"53":[0,0],"54":[0,0],"55":[0,0],"56":[0,0],"57":[0,0],"58":[0,0],"59":[0,0],"60":[0,0],"61":[0,0]},"f":{"1":0,"2":0,"3":0,"4":0,"5":0,"6":0,"7":0,"8":0,"9":0,"10":0,"11":0,"12":0,"13":0,"14":0,"15":0,"16":0,"17":0,"18":0,"19":0,"20":0,"21":0,"22":0,"23":0,"24":0,"25":0,"26":0,"27":0,"28":0,"29":0,"30":0,"31":0,"32":0,"33":0,"34":0,"35":0,"36":0,"37":0,"38":0,"39":0,"40":0,"41":0,"42":0,"43":0,"44":0,"45":0,"46":0,"47":0,"48":0,"49":0,"50":0,"51":0,"52":0,"53":0,"54":0,"55":0,"56":0,"57":0,"58":0,"59":0,"60":0,"61":0,"62":0,"63":0,"64":0},"fnMap":{"1":{"name":"(anonymous_1)","line":14,"loc":{"start":{"line":14,"column":20},"end":{"line":14,"column":32}}},"2":{"name":"ProcessUncleanExitError","line":57,"loc":{"start":{"line":57,"column":0},"end":{"line":57,"column":48}}},"3":{"name":"(anonymous_3)","line":68,"loc":{"start":{"line":68,"column":32},"end":{"line":68,"column":44}}},"4":{"name":"(anonymous_4)","line":75,"loc":{"start":{"line":75,"column":35},"end":{"line":75,"column":47}}},"5":{"name":"(anonymous_5)","line":82,"loc":{"start":{"line":82,"column":32},"end":{"line":82,"column":44}}},"6":{"name":"captureOutput","line":91,"loc":{"start":{"line":91,"column":0},"end":{"line":91,"column":30}}},"7":{"name":"(anonymous_7)","line":96,"loc":{"start":{"line":96,"column":26},"end":{"line":96,"column":41}}},"8":{"name":"(anonymous_8)","line":97,"loc":{"start":{"line":97,"column":26},"end":{"line":97,"column":41}}},"9":{"name":"mkErrorMsg","line":106,"loc":{"start":{"line":106,"column":0},"end":{"line":106,"column":51}}},"10":{"name":"convertArchString","line":118,"loc":{"start":{"line":118,"column":0},"end":{"line":118,"column":39}}},"11":{"name":"pushArch","line":132,"loc":{"start":{"line":132,"column":0},"end":{"line":132,"column":30}}},"12":{"name":"getRegExePath","line":142,"loc":{"start":{"line":142,"column":0},"end":{"line":142,"column":25}}},"13":{"name":"RegistryItem","line":167,"loc":{"start":{"line":167,"column":0},"end":{"line":167,"column":65}}},"14":{"name":"(anonymous_14)","line":188,"loc":{"start":{"line":188,"column":32},"end":{"line":188,"column":44}}},"15":{"name":"(anonymous_15)","line":195,"loc":{"start":{"line":195,"column":32},"end":{"line":195,"column":44}}},"16":{"name":"(anonymous_16)","line":202,"loc":{"start":{"line":202,"column":31},"end":{"line":202,"column":43}}},"17":{"name":"(anonymous_17)","line":209,"loc":{"start":{"line":209,"column":32},"end":{"line":209,"column":44}}},"18":{"name":"(anonymous_18)","line":216,"loc":{"start":{"line":216,"column":32},"end":{"line":216,"column":44}}},"19":{"name":"(anonymous_19)","line":223,"loc":{"start":{"line":223,"column":33},"end":{"line":223,"column":45}}},"20":{"name":"(anonymous_20)","line":230,"loc":{"start":{"line":230,"column":32},"end":{"line":230,"column":44}}},"21":{"name":"Registry","line":257,"loc":{"start":{"line":257,"column":0},"end":{"line":257,"column":28}}},"22":{"name":"(anonymous_22)","line":276,"loc":{"start":{"line":276,"column":32},"end":{"line":276,"column":44}}},"23":{"name":"(anonymous_23)","line":283,"loc":{"start":{"line":283,"column":32},"end":{"line":283,"column":44}}},"24":{"name":"(anonymous_24)","line":290,"loc":{"start":{"line":290,"column":31},"end":{"line":290,"column":43}}},"25":{"name":"(anonymous_25)","line":297,"loc":{"start":{"line":297,"column":32},"end":{"line":297,"column":44}}},"26":{"name":"(anonymous_26)","line":304,"loc":{"start":{"line":304,"column":32},"end":{"line":304,"column":44}}},"27":{"name":"(anonymous_27)","line":311,"loc":{"start":{"line":311,"column":34},"end":{"line":311,"column":46}}},"28":{"name":"values","line":434,"loc":{"start":{"line":434,"column":28},"end":{"line":434,"column":49}}},"29":{"name":"(anonymous_29)","line":454,"loc":{"start":{"line":454,"column":19},"end":{"line":454,"column":35}}},"30":{"name":"(anonymous_30)","line":497,"loc":{"start":{"line":497,"column":25},"end":{"line":497,"column":41}}},"31":{"name":"(anonymous_31)","line":501,"loc":{"start":{"line":501,"column":19},"end":{"line":501,"column":33}}},"32":{"name":"keys","line":516,"loc":{"start":{"line":516,"column":26},"end":{"line":516,"column":45}}},"33":{"name":"(anonymous_33)","line":536,"loc":{"start":{"line":536,"column":19},"end":{"line":536,"column":35}}},"34":{"name":"(anonymous_34)","line":545,"loc":{"start":{"line":545,"column":25},"end":{"line":545,"column":41}}},"35":{"name":"(anonymous_35)","line":549,"loc":{"start":{"line":549,"column":24},"end":{"line":549,"column":36}}},"36":{"name":"(anonymous_36)","line":587,"loc":{"start":{"line":587,"column":19},"end":{"line":587,"column":33}}},"37":{"name":"get","line":603,"loc":{"start":{"line":603,"column":25},"end":{"line":603,"column":49}}},"38":{"name":"(anonymous_38)","line":627,"loc":{"start":{"line":627,"column":19},"end":{"line":627,"column":35}}},"39":{"name":"(anonymous_39)","line":668,"loc":{"start":{"line":668,"column":25},"end":{"line":668,"column":41}}},"40":{"name":"(anonymous_40)","line":672,"loc":{"start":{"line":672,"column":19},"end":{"line":672,"column":33}}},"41":{"name":"set","line":689,"loc":{"start":{"line":689,"column":25},"end":{"line":689,"column":62}}},"42":{"name":"(anonymous_42)","line":716,"loc":{"start":{"line":716,"column":19},"end":{"line":716,"column":35}}},"43":{"name":"(anonymous_43)","line":727,"loc":{"start":{"line":727,"column":25},"end":{"line":727,"column":41}}},"44":{"name":"(anonymous_44)","line":732,"loc":{"start":{"line":732,"column":19},"end":{"line":732,"column":33}}},"45":{"name":"remove","line":748,"loc":{"start":{"line":748,"column":28},"end":{"line":748,"column":55}}},"46":{"name":"(anonymous_46)","line":766,"loc":{"start":{"line":766,"column":19},"end":{"line":766,"column":35}}},"47":{"name":"(anonymous_47)","line":777,"loc":{"start":{"line":777,"column":25},"end":{"line":777,"column":41}}},"48":{"name":"(anonymous_48)","line":782,"loc":{"start":{"line":782,"column":19},"end":{"line":782,"column":33}}},"49":{"name":"clear","line":796,"loc":{"start":{"line":796,"column":27},"end":{"line":796,"column":47}}},"50":{"name":"(anonymous_50)","line":814,"loc":{"start":{"line":814,"column":19},"end":{"line":814,"column":35}}},"51":{"name":"(anonymous_51)","line":825,"loc":{"start":{"line":825,"column":25},"end":{"line":825,"column":41}}},"52":{"name":"(anonymous_52)","line":830,"loc":{"start":{"line":830,"column":19},"end":{"line":830,"column":33}}},"53":{"name":"destroy","line":854,"loc":{"start":{"line":854,"column":29},"end":{"line":854,"column":51}}},"54":{"name":"(anonymous_54)","line":872,"loc":{"start":{"line":872,"column":19},"end":{"line":872,"column":35}}},"55":{"name":"(anonymous_55)","line":883,"loc":{"start":{"line":883,"column":25},"end":{"line":883,"column":41}}},"56":{"name":"(anonymous_56)","line":888,"loc":{"start":{"line":888,"column":19},"end":{"line":888,"column":33}}},"57":{"name":"create","line":902,"loc":{"start":{"line":902,"column":28},"end":{"line":902,"column":49}}},"58":{"name":"(anonymous_58)","line":920,"loc":{"start":{"line":920,"column":19},"end":{"line":920,"column":35}}},"59":{"name":"(anonymous_59)","line":931,"loc":{"start":{"line":931,"column":25},"end":{"line":931,"column":41}}},"60":{"name":"(anonymous_60)","line":936,"loc":{"start":{"line":936,"column":19},"end":{"line":936,"column":33}}},"61":{"name":"keyExists","line":951,"loc":{"start":{"line":951,"column":31},"end":{"line":951,"column":55}}},"62":{"name":"(anonymous_62)","line":953,"loc":{"start":{"line":953,"column":14},"end":{"line":953,"column":36}}},"63":{"name":"valueExists","line":976,"loc":{"start":{"line":976,"column":33},"end":{"line":976,"column":65}}},"64":{"name":"(anonymous_64)","line":978,"loc":{"start":{"line":978,"column":17},"end":{"line":978,"column":38}}}},"statementMap":{"1":{"start":{"line":9,"column":0},"end":{"line":44,"column":117}},"2":{"start":{"line":57,"column":0},"end":{"line":84,"column":1}},"3":{"start":{"line":58,"column":2},"end":{"line":59,"column":54}},"4":{"start":{"line":59,"column":4},"end":{"line":59,"column":54}},"5":{"start":{"line":61,"column":2},"end":{"line":61,"column":57}},"6":{"start":{"line":68,"column":2},"end":{"line":68,"column":86}},"7":{"start":{"line":68,"column":46},"end":{"line":68,"column":82}},"8":{"start":{"line":75,"column":2},"end":{"line":75,"column":68}},"9":{"start":{"line":75,"column":49},"end":{"line":75,"column":64}},"10":{"start":{"line":82,"column":2},"end":{"line":82,"column":62}},"11":{"start":{"line":82,"column":46},"end":{"line":82,"column":58}},"12":{"start":{"line":86,"column":0},"end":{"line":86,"column":46}},"13":{"start":{"line":91,"column":0},"end":{"line":100,"column":1}},"14":{"start":{"line":94,"column":2},"end":{"line":94,"column":44}},"15":{"start":{"line":96,"column":2},"end":{"line":96,"column":83}},"16":{"start":{"line":96,"column":43},"end":{"line":96,"column":79}},"17":{"start":{"line":97,"column":2},"end":{"line":97,"column":83}},"18":{"start":{"line":97,"column":43},"end":{"line":97,"column":79}},"19":{"start":{"line":99,"column":2},"end":{"line":99,"column":16}},"20":{"start":{"line":106,"column":0},"end":{"line":112,"column":1}},"21":{"start":{"line":107,"column":4},"end":{"line":107,"column":41}},"22":{"start":{"line":108,"column":4},"end":{"line":108,"column":41}},"23":{"start":{"line":110,"column":4},"end":{"line":110,"column":108}},"24":{"start":{"line":111,"column":4},"end":{"line":111,"column":50}},"25":{"start":{"line":118,"column":0},"end":{"line":126,"column":1}},"26":{"start":{"line":119,"column":2},"end":{"line":125,"column":3}},"27":{"start":{"line":120,"column":4},"end":{"line":120,"column":16}},"28":{"start":{"line":121,"column":9},"end":{"line":125,"column":3}},"29":{"start":{"line":122,"column":4},"end":{"line":122,"column":16}},"30":{"start":{"line":124,"column":4},"end":{"line":124,"column":81}},"31":{"start":{"line":132,"column":0},"end":{"line":136,"column":1}},"32":{"start":{"line":133,"column":2},"end":{"line":135,"column":3}},"33":{"start":{"line":134,"column":4},"end":{"line":134,"column":49}},"34":{"start":{"line":142,"column":0},"end":{"line":148,"column":1}},"35":{"start":{"line":143,"column":4},"end":{"line":147,"column":5}},"36":{"start":{"line":144,"column":8},"end":{"line":144,"column":68}},"37":{"start":{"line":146,"column":8},"end":{"line":146,"column":21}},"38":{"start":{"line":167,"column":0},"end":{"line":232,"column":1}},"39":{"start":{"line":169,"column":2},"end":{"line":170,"column":70}},"40":{"start":{"line":170,"column":4},"end":{"line":170,"column":70}},"41":{"start":{"line":173,"column":2},"end":{"line":179,"column":18}},"42":{"start":{"line":188,"column":2},"end":{"line":188,"column":63}},"43":{"start":{"line":188,"column":46},"end":{"line":188,"column":59}},"44":{"start":{"line":195,"column":2},"end":{"line":195,"column":63}},"45":{"start":{"line":195,"column":46},"end":{"line":195,"column":59}},"46":{"start":{"line":202,"column":2},"end":{"line":202,"column":61}},"47":{"start":{"line":202,"column":45},"end":{"line":202,"column":57}},"48":{"start":{"line":209,"column":2},"end":{"line":209,"column":63}},"49":{"start":{"line":209,"column":46},"end":{"line":209,"column":59}},"50":{"start":{"line":216,"column":2},"end":{"line":216,"column":63}},"51":{"start":{"line":216,"column":46},"end":{"line":216,"column":59}},"52":{"start":{"line":223,"column":2},"end":{"line":223,"column":65}},"53":{"start":{"line":223,"column":47},"end":{"line":223,"column":61}},"54":{"start":{"line":230,"column":2},"end":{"line":230,"column":63}},"55":{"start":{"line":230,"column":46},"end":{"line":230,"column":59}},"56":{"start":{"line":234,"column":0},"end":{"line":234,"column":36}},"57":{"start":{"line":257,"column":0},"end":{"line":331,"column":1}},"58":{"start":{"line":259,"column":2},"end":{"line":260,"column":33}},"59":{"start":{"line":260,"column":4},"end":{"line":260,"column":33}},"60":{"start":{"line":263,"column":2},"end":{"line":267,"column":35}},"61":{"start":{"line":276,"column":2},"end":{"line":276,"column":63}},"62":{"start":{"line":276,"column":46},"end":{"line":276,"column":59}},"63":{"start":{"line":283,"column":2},"end":{"line":283,"column":63}},"64":{"start":{"line":283,"column":46},"end":{"line":283,"column":59}},"65":{"start":{"line":290,"column":2},"end":{"line":290,"column":61}},"66":{"start":{"line":290,"column":45},"end":{"line":290,"column":57}},"67":{"start":{"line":297,"column":2},"end":{"line":297,"column":120}},"68":{"start":{"line":297,"column":46},"end":{"line":297,"column":116}},"69":{"start":{"line":304,"column":2},"end":{"line":304,"column":63}},"70":{"start":{"line":304,"column":46},"end":{"line":304,"column":59}},"71":{"start":{"line":311,"column":2},"end":{"line":319,"column":5}},"72":{"start":{"line":312,"column":4},"end":{"line":312,"column":34}},"73":{"start":{"line":313,"column":4},"end":{"line":318,"column":7}},"74":{"start":{"line":322,"column":2},"end":{"line":323,"column":47}},"75":{"start":{"line":323,"column":4},"end":{"line":323,"column":47}},"76":{"start":{"line":325,"column":2},"end":{"line":326,"column":46}},"77":{"start":{"line":326,"column":4},"end":{"line":326,"column":46}},"78":{"start":{"line":328,"column":2},"end":{"line":329,"column":71}},"79":{"start":{"line":329,"column":4},"end":{"line":329,"column":71}},"80":{"start":{"line":338,"column":0},"end":{"line":338,"column":21}},"81":{"start":{"line":344,"column":0},"end":{"line":344,"column":21}},"82":{"start":{"line":351,"column":0},"end":{"line":351,"column":21}},"83":{"start":{"line":358,"column":0},"end":{"line":358,"column":19}},"84":{"start":{"line":365,"column":0},"end":{"line":365,"column":21}},"85":{"start":{"line":371,"column":0},"end":{"line":371,"column":23}},"86":{"start":{"line":377,"column":0},"end":{"line":377,"column":25}},"87":{"start":{"line":383,"column":0},"end":{"line":383,"column":37}},"88":{"start":{"line":389,"column":0},"end":{"line":389,"column":39}},"89":{"start":{"line":395,"column":0},"end":{"line":395,"column":31}},"90":{"start":{"line":401,"column":0},"end":{"line":401,"column":31}},"91":{"start":{"line":407,"column":0},"end":{"line":407,"column":33}},"92":{"start":{"line":413,"column":0},"end":{"line":413,"column":29}},"93":{"start":{"line":419,"column":0},"end":{"line":419,"column":31}},"94":{"start":{"line":425,"column":0},"end":{"line":425,"column":39}},"95":{"start":{"line":434,"column":0},"end":{"line":507,"column":2}},"96":{"start":{"line":436,"column":2},"end":{"line":437,"column":51}},"97":{"start":{"line":437,"column":4},"end":{"line":437,"column":51}},"98":{"start":{"line":439,"column":2},"end":{"line":439,"column":36}},"99":{"start":{"line":441,"column":2},"end":{"line":441,"column":28}},"100":{"start":{"line":443,"column":2},"end":{"line":450,"column":18}},"101":{"start":{"line":452,"column":2},"end":{"line":452,"column":35}},"102":{"start":{"line":454,"column":2},"end":{"line":495,"column":5}},"103":{"start":{"line":455,"column":4},"end":{"line":494,"column":5}},"104":{"start":{"line":456,"column":6},"end":{"line":456,"column":13}},"105":{"start":{"line":457,"column":11},"end":{"line":494,"column":5}},"106":{"start":{"line":458,"column":6},"end":{"line":458,"column":46}},"107":{"start":{"line":459,"column":6},"end":{"line":459,"column":50}},"108":{"start":{"line":461,"column":6},"end":{"line":464,"column":24}},"109":{"start":{"line":466,"column":6},"end":{"line":475,"column":7}},"110":{"start":{"line":467,"column":8},"end":{"line":467,"column":35}},"111":{"start":{"line":468,"column":8},"end":{"line":474,"column":9}},"112":{"start":{"line":469,"column":10},"end":{"line":469,"column":20}},"113":{"start":{"line":470,"column":10},"end":{"line":472,"column":11}},"114":{"start":{"line":471,"column":12},"end":{"line":471,"column":29}},"115":{"start":{"line":473,"column":10},"end":{"line":473,"column":23}},"116":{"start":{"line":477,"column":6},"end":{"line":490,"column":7}},"117":{"start":{"line":479,"column":8},"end":{"line":482,"column":17}},"118":{"start":{"line":484,"column":8},"end":{"line":489,"column":9}},"119":{"start":{"line":485,"column":10},"end":{"line":485,"column":33}},"120":{"start":{"line":486,"column":10},"end":{"line":486,"column":33}},"121":{"start":{"line":487,"column":10},"end":{"line":487,"column":27}},"122":{"start":{"line":488,"column":10},"end":{"line":488,"column":102}},"123":{"start":{"line":492,"column":6},"end":{"line":492,"column":23}},"124":{"start":{"line":497,"column":2},"end":{"line":499,"column":5}},"125":{"start":{"line":498,"column":4},"end":{"line":498,"column":30}},"126":{"start":{"line":501,"column":2},"end":{"line":504,"column":5}},"127":{"start":{"line":502,"column":4},"end":{"line":502,"column":16}},"128":{"start":{"line":503,"column":4},"end":{"line":503,"column":12}},"129":{"start":{"line":506,"column":2},"end":{"line":506,"column":14}},"130":{"start":{"line":516,"column":0},"end":{"line":593,"column":2}},"131":{"start":{"line":518,"column":2},"end":{"line":519,"column":51}},"132":{"start":{"line":519,"column":4},"end":{"line":519,"column":51}},"133":{"start":{"line":521,"column":2},"end":{"line":521,"column":36}},"134":{"start":{"line":523,"column":2},"end":{"line":523,"column":28}},"135":{"start":{"line":525,"column":2},"end":{"line":532,"column":18}},"136":{"start":{"line":534,"column":2},"end":{"line":534,"column":35}},"137":{"start":{"line":536,"column":2},"end":{"line":543,"column":5}},"138":{"start":{"line":537,"column":4},"end":{"line":542,"column":5}},"139":{"start":{"line":538,"column":6},"end":{"line":538,"column":13}},"140":{"start":{"line":539,"column":11},"end":{"line":542,"column":5}},"141":{"start":{"line":540,"column":6},"end":{"line":540,"column":46}},"142":{"start":{"line":541,"column":6},"end":{"line":541,"column":50}},"143":{"start":{"line":545,"column":2},"end":{"line":547,"column":5}},"144":{"start":{"line":546,"column":4},"end":{"line":546,"column":30}},"145":{"start":{"line":549,"column":2},"end":{"line":585,"column":5}},"146":{"start":{"line":551,"column":4},"end":{"line":553,"column":34}},"147":{"start":{"line":555,"column":4},"end":{"line":561,"column":5}},"148":{"start":{"line":556,"column":6},"end":{"line":556,"column":33}},"149":{"start":{"line":557,"column":6},"end":{"line":560,"column":7}},"150":{"start":{"line":558,"column":8},"end":{"line":558,"column":18}},"151":{"start":{"line":559,"column":8},"end":{"line":559,"column":25}},"152":{"start":{"line":563,"column":4},"end":{"line":581,"column":5}},"153":{"start":{"line":565,"column":6},"end":{"line":567,"column":13}},"154":{"start":{"line":569,"column":6},"end":{"line":580,"column":7}},"155":{"start":{"line":570,"column":8},"end":{"line":570,"column":24}},"156":{"start":{"line":571,"column":8},"end":{"line":571,"column":24}},"157":{"start":{"line":572,"column":8},"end":{"line":579,"column":9}},"158":{"start":{"line":573,"column":10},"end":{"line":578,"column":14}},"159":{"start":{"line":583,"column":4},"end":{"line":583,"column":21}},"160":{"start":{"line":587,"column":2},"end":{"line":590,"column":5}},"161":{"start":{"line":588,"column":4},"end":{"line":588,"column":16}},"162":{"start":{"line":589,"column":4},"end":{"line":589,"column":12}},"163":{"start":{"line":592,"column":2},"end":{"line":592,"column":14}},"164":{"start":{"line":603,"column":0},"end":{"line":678,"column":2}},"165":{"start":{"line":605,"column":2},"end":{"line":606,"column":51}},"166":{"start":{"line":606,"column":4},"end":{"line":606,"column":51}},"167":{"start":{"line":608,"column":2},"end":{"line":608,"column":34}},"168":{"start":{"line":609,"column":2},"end":{"line":612,"column":37}},"169":{"start":{"line":610,"column":4},"end":{"line":610,"column":21}},"170":{"start":{"line":612,"column":4},"end":{"line":612,"column":37}},"171":{"start":{"line":614,"column":2},"end":{"line":614,"column":28}},"172":{"start":{"line":616,"column":2},"end":{"line":623,"column":18}},"173":{"start":{"line":625,"column":2},"end":{"line":625,"column":35}},"174":{"start":{"line":627,"column":2},"end":{"line":666,"column":5}},"175":{"start":{"line":628,"column":4},"end":{"line":665,"column":5}},"176":{"start":{"line":629,"column":6},"end":{"line":629,"column":13}},"177":{"start":{"line":630,"column":11},"end":{"line":665,"column":5}},"178":{"start":{"line":631,"column":6},"end":{"line":631,"column":46}},"179":{"start":{"line":632,"column":6},"end":{"line":632,"column":50}},"180":{"start":{"line":634,"column":6},"end":{"line":637,"column":24}},"181":{"start":{"line":639,"column":6},"end":{"line":648,"column":7}},"182":{"start":{"line":640,"column":8},"end":{"line":640,"column":35}},"183":{"start":{"line":641,"column":8},"end":{"line":647,"column":9}},"184":{"start":{"line":642,"column":10},"end":{"line":642,"column":20}},"185":{"start":{"line":643,"column":10},"end":{"line":645,"column":11}},"186":{"start":{"line":644,"column":13},"end":{"line":644,"column":30}},"187":{"start":{"line":646,"column":10},"end":{"line":646,"column":23}},"188":{"start":{"line":651,"column":6},"end":{"line":655,"column":15}},"189":{"start":{"line":657,"column":6},"end":{"line":662,"column":7}},"190":{"start":{"line":658,"column":8},"end":{"line":658,"column":31}},"191":{"start":{"line":659,"column":8},"end":{"line":659,"column":31}},"192":{"start":{"line":660,"column":8},"end":{"line":660,"column":25}},"193":{"start":{"line":661,"column":8},"end":{"line":661,"column":96}},"194":{"start":{"line":664,"column":6},"end":{"line":664,"column":23}},"195":{"start":{"line":668,"column":2},"end":{"line":670,"column":5}},"196":{"start":{"line":669,"column":4},"end":{"line":669,"column":30}},"197":{"start":{"line":672,"column":2},"end":{"line":675,"column":5}},"198":{"start":{"line":673,"column":4},"end":{"line":673,"column":16}},"199":{"start":{"line":674,"column":4},"end":{"line":674,"column":12}},"200":{"start":{"line":677,"column":2},"end":{"line":677,"column":14}},"201":{"start":{"line":689,"column":0},"end":{"line":738,"column":2}},"202":{"start":{"line":691,"column":2},"end":{"line":692,"column":51}},"203":{"start":{"line":692,"column":4},"end":{"line":692,"column":51}},"204":{"start":{"line":694,"column":2},"end":{"line":695,"column":43}},"205":{"start":{"line":695,"column":4},"end":{"line":695,"column":43}},"206":{"start":{"line":697,"column":2},"end":{"line":697,"column":32}},"207":{"start":{"line":698,"column":2},"end":{"line":701,"column":37}},"208":{"start":{"line":699,"column":4},"end":{"line":699,"column":21}},"209":{"start":{"line":701,"column":4},"end":{"line":701,"column":37}},"210":{"start":{"line":703,"column":2},"end":{"line":703,"column":54}},"211":{"start":{"line":705,"column":2},"end":{"line":705,"column":28}},"212":{"start":{"line":707,"column":2},"end":{"line":712,"column":18}},"213":{"start":{"line":714,"column":2},"end":{"line":714,"column":35}},"214":{"start":{"line":716,"column":2},"end":{"line":725,"column":5}},"215":{"start":{"line":717,"column":4},"end":{"line":724,"column":5}},"216":{"start":{"line":718,"column":6},"end":{"line":718,"column":13}},"217":{"start":{"line":719,"column":11},"end":{"line":724,"column":5}},"218":{"start":{"line":720,"column":6},"end":{"line":720,"column":46}},"219":{"start":{"line":721,"column":6},"end":{"line":721,"column":48}},"220":{"start":{"line":723,"column":6},"end":{"line":723,"column":15}},"221":{"start":{"line":727,"column":2},"end":{"line":730,"column":5}},"222":{"start":{"line":729,"column":4},"end":{"line":729,"column":17}},"223":{"start":{"line":732,"column":2},"end":{"line":735,"column":5}},"224":{"start":{"line":733,"column":4},"end":{"line":733,"column":16}},"225":{"start":{"line":734,"column":4},"end":{"line":734,"column":12}},"226":{"start":{"line":737,"column":2},"end":{"line":737,"column":14}},"227":{"start":{"line":748,"column":0},"end":{"line":788,"column":2}},"228":{"start":{"line":750,"column":2},"end":{"line":751,"column":51}},"229":{"start":{"line":751,"column":4},"end":{"line":751,"column":51}},"230":{"start":{"line":753,"column":2},"end":{"line":753,"column":97}},"231":{"start":{"line":755,"column":2},"end":{"line":755,"column":28}},"232":{"start":{"line":757,"column":2},"end":{"line":762,"column":18}},"233":{"start":{"line":764,"column":2},"end":{"line":764,"column":35}},"234":{"start":{"line":766,"column":2},"end":{"line":775,"column":5}},"235":{"start":{"line":767,"column":4},"end":{"line":774,"column":5}},"236":{"start":{"line":768,"column":6},"end":{"line":768,"column":13}},"237":{"start":{"line":769,"column":11},"end":{"line":774,"column":5}},"238":{"start":{"line":770,"column":6},"end":{"line":770,"column":46}},"239":{"start":{"line":771,"column":6},"end":{"line":771,"column":51}},"240":{"start":{"line":773,"column":6},"end":{"line":773,"column":15}},"241":{"start":{"line":777,"column":2},"end":{"line":780,"column":5}},"242":{"start":{"line":779,"column":4},"end":{"line":779,"column":17}},"243":{"start":{"line":782,"column":2},"end":{"line":785,"column":5}},"244":{"start":{"line":783,"column":4},"end":{"line":783,"column":16}},"245":{"start":{"line":784,"column":4},"end":{"line":784,"column":12}},"246":{"start":{"line":787,"column":2},"end":{"line":787,"column":14}},"247":{"start":{"line":796,"column":0},"end":{"line":836,"column":2}},"248":{"start":{"line":798,"column":2},"end":{"line":799,"column":51}},"249":{"start":{"line":799,"column":4},"end":{"line":799,"column":51}},"250":{"start":{"line":801,"column":2},"end":{"line":801,"column":48}},"251":{"start":{"line":803,"column":2},"end":{"line":803,"column":28}},"252":{"start":{"line":805,"column":2},"end":{"line":810,"column":18}},"253":{"start":{"line":812,"column":2},"end":{"line":812,"column":35}},"254":{"start":{"line":814,"column":2},"end":{"line":823,"column":5}},"255":{"start":{"line":815,"column":4},"end":{"line":822,"column":5}},"256":{"start":{"line":816,"column":6},"end":{"line":816,"column":13}},"257":{"start":{"line":817,"column":11},"end":{"line":822,"column":5}},"258":{"start":{"line":818,"column":6},"end":{"line":818,"column":46}},"259":{"start":{"line":819,"column":6},"end":{"line":819,"column":51}},"260":{"start":{"line":821,"column":6},"end":{"line":821,"column":15}},"261":{"start":{"line":825,"column":2},"end":{"line":828,"column":5}},"262":{"start":{"line":827,"column":4},"end":{"line":827,"column":17}},"263":{"start":{"line":830,"column":2},"end":{"line":833,"column":5}},"264":{"start":{"line":831,"column":4},"end":{"line":831,"column":16}},"265":{"start":{"line":832,"column":4},"end":{"line":832,"column":12}},"266":{"start":{"line":835,"column":2},"end":{"line":835,"column":14}},"267":{"start":{"line":846,"column":0},"end":{"line":846,"column":52}},"268":{"start":{"line":854,"column":0},"end":{"line":894,"column":2}},"269":{"start":{"line":856,"column":2},"end":{"line":857,"column":51}},"270":{"start":{"line":857,"column":4},"end":{"line":857,"column":51}},"271":{"start":{"line":859,"column":2},"en
[...]
"," * Registry hive key HKEY_LOCAL_MACHINE."," * Note: For writing to this hive your program has to run with admin privileges."," * @type {string}"," */","Registry.HKLM = HKLM;","","/**"," * Registry hive key HKEY_CURRENT_USER."," * @type {string}"," */","Registry.HKCU = HKCU;","","/**"," * Registry hive key HKEY_CLASSES_ROOT."," * Note: For writing to this hive your program has to run with admin privileges."," * @type {string}"," */","Registry.HKCR = HKCR;","","/**"," * Registry hive key HKEY_USERS."," * Note: For writing to this hive your program has to run with admin privileges."," * @type {string}"," */","Registry.HKU = HKU;","","/**"," * Registry hive key HKEY_CURRENT_CONFIG."," * Note: For writing to this hive your program has to run with admin privileges."," * @type {string}"," */","Registry.HKCC = HKCC;","","/**"," * Collection of available registry hive keys."," * @type {array}"," */","Registry.HIVES = HIVES;","","/**"," * Registry value type STRING."," * @type {string}"," */","Registry.REG_SZ = REG_SZ;","","/**"," * Registry value type MULTILINE_STRING."," * @type {string}"," */","Registry.REG_MULTI_SZ = REG_MULTI_SZ;","","/**"," * Registry value type EXPANDABLE_STRING."," * @type {string}"," */","Registry.REG_EXPAND_SZ = REG_EXPAND_SZ;","","/**"," * Registry value type DOUBLE_WORD."," * @type {string}"," */","Registry.REG_DWORD = REG_DWORD;","","/**"," * Registry value type QUAD_WORD."," * @type {string}"," */","Registry.REG_QWORD = REG_QWORD;","","/**"," * Registry value type BINARY."," * @type {string}"," */","Registry.REG_BINARY = REG_BINARY;","","/**"," * Registry value type UNKNOWN."," * @type {string}"," */","Registry.REG_NONE = REG_NONE;","","/**"," * Collection of available registry value types."," * @type {array}"," */","Registry.REG_TYPES = REG_TYPES;","","/**"," * The name of the default value. May be used instead of the empty string literal for better readability."," * @type {string}"," */","Registry.DEFAULT_VALUE = DEFAULT_VALUE;","","/**"," * Retrieve all values from this registry key."," * @param {valuesCallback} cb - callback function"," * @param {ProcessUncleanExitError=} cb.err - error object or null if successful"," * @param {array=} cb.items - an array of {@link RegistryItem} objects"," * @returns {Registry} this registry key object"," */","Registry.prototype.values = function values (cb) {","","  if (typeof cb !== 'function')","    throw new TypeError('must specify a callback');","","  var args = [ 'QUERY', this.path ];","","  pushArch(args, this.arch);","","  var proc = spawn(getRegExePath(), args, {","        cwd: undefined,","        env: process.env,","        stdio: [ 'ignore', 'pipe', 'pipe' ]","      })","  ,   buffer = ''","  ,   self = this","  ,   error = null // null means no error previously reported.","","  var output = captureOutput(proc);","","  proc.on('close', function (code) {","    if (error) {","      return;","    } else if (code !== 0) {","      log('process exited with code ' + code);","      cb(mkErrorMsg('QUERY', code, output), null);","    } else {","      var items = []","      ,   result = []","      ,   lines = buffer.split('\\n')","      ,   lineNumber = 0","","      for (var i = 0, l = lines.length; i < l; i++) {","        var line = lines[i].trim();","        if (line.length > 0) {","          log(line);","          if (lineNumber != 0) {","            items.push(line);","          }","          ++lineNumber;","        }","      }","","      for (var i = 0, l = items.length; i < l; i++) {","","        var match = ITEM_PATTERN.exec(items[i])","        ,   name","        ,   type","        ,   value","","        if (match) {","          name = match[1].trim();","          type = match[2].trim();","          value = match[3];","          result.push(new RegistryItem(self.host, self.hive, self.key, name, type, value, self.arch));","        }","      }","","      cb(null, result);","","    }","  });","","  proc.stdout.on('data', function (data) {","    buffer += data.toString();","  });","","  proc.on('error', function(err) {","    error = err;","    cb(err);","  });","","  return this;","};","","/**"," * Retrieve all subkeys from this registry key."," * @param {function (err, items)} cb - callback function"," * @param {ProcessUncleanExitError=} cb.err - error object or null if successful"," * @param {array=} cb.items - an array of {@link Registry} objects"," * @returns {Registry} this registry key object"," */","Registry.prototype.keys = function keys (cb) {","","  if (typeof cb !== 'function')","    throw new TypeError('must specify a callback');","","  var args = [ 'QUERY', this.path ];","","  pushArch(args, this.arch);","","  var proc = spawn(getRegExePath(), args, {","        cwd: undefined,","        env: process.env,","        stdio: [ 'ignore', 'pipe', 'pipe' ]","      })","  ,   buffer = ''","  ,   self = this","  ,   error = null // null means no error previously reported.","","  var output = captureOutput(proc);","","  proc.on('close', function (code) {","    if (error) {","      return;","    } else if (code !== 0) {","      log('process exited with code ' + code);","      cb(mkErrorMsg('QUERY', code, output), null);","    }","  });","","  proc.stdout.on('data', function (data) {","    buffer += data.toString();","  });","","  proc.stdout.on('end', function () {","","    var items = []","    ,   result = []","    ,   lines = buffer.split('\\n')","","    for (var i = 0, l = lines.length; i < l; i++) {","      var line = lines[i].trim();","      if (line.length > 0) {","        log(line);","        items.push(line);","      }","    }","","    for (var i = 0, l = items.length; i < l; i++) {","","      var match = PATH_PATTERN.exec(items[i])","      ,   hive","      ,   key","","      if (match) {","        hive = match[1];","        key  = match[2];","        if (key && (key !== self.key)) {","          result.push(new Registry({","            host: self.host,","            hive: self.hive,","            key:  key,","            arch: self.arch","          }));","        }","      }","    }","","    cb(null, result);","","  });","","  proc.on('error', function(err) {","    error = err;","    cb(err);","  });","","  return this;","};","","/**"," * Gets a named value from this registry key."," * @param {string} name - the value name, use {@link Registry.DEFAULT_VALUE} or an empty string for the default value"," * @param {function (err, item)} cb - callback function"," * @param {ProcessUncleanExitError=} cb.err - error object or null if successful"," * @param {RegistryItem=} cb.item - the retrieved registry item"," * @returns {Registry} this registry key object"," */","Registry.prototype.get = function get (name, cb) {","","  if (typeof cb !== 'function')","    throw new TypeError('must specify a callback');","","  var args = ['QUERY', this.path];","  if (name == '')","    args.push('/ve');","  else","    args = args.concat(['/v', name]);","","  pushArch(args, this.arch);","","  var proc = spawn(getRegExePath(), args, {","        cwd: undefined,","        env: process.env,","        stdio: [ 'ignore', 'pipe', 'pipe' ]","      })","  ,   buffer = ''","  ,   self = this","  ,   error = null // null means no error previously reported.","","  var output = captureOutput(proc);","","  proc.on('close', function (code) {","    if (error) {","      return;","    } else if (code !== 0) {","      log('process exited with code ' + code);","      cb(mkErrorMsg('QUERY', code, output), null);","    } else {","      var items = []","      ,   result = null","      ,   lines = buffer.split('\\n')","      ,   lineNumber = 0","","      for (var i = 0, l = lines.length; i < l; i++) {","        var line = lines[i].trim();","        if (line.length > 0) {","          log(line);","          if (lineNumber != 0) {","             items.push(line);","          }","          ++lineNumber;","        }","      }","","      //Get last item - so it works in XP where REG QUERY returns with a header","      var item = items[items.length-1] || ''","      ,   match = ITEM_PATTERN.exec(item)","      ,   name","      ,   type","      ,   value","","      if (match) {","        name = match[1].trim();","        type = match[2].trim();","        value = match[3];","        result = new RegistryItem(self.host, self.hive, self.key, name, type, value, self.arch);","      }","","      cb(null, result);","    }","  });","","  proc.stdout.on('data', function (data) {","    buffer += data.toString();","  });","","  proc.on('error', function(err) {","    error = err;","    cb(err);","  });","","  return this;","};","","/**"," * Sets a named value in this registry key, overwriting an already existing value."," * @param {string} name - the value name, use {@link Registry.DEFAULT_VALUE} or an empty string for the default value"," * @param {string} type - the value type"," * @param {string} value - the value"," * @param {function (err)} cb - callback function"," * @param {ProcessUncleanExitError=} cb.err - error object or null if successful"," * @returns {Registry} this registry key object"," */","Registry.prototype.set = function set (name, type, value, cb) {","","  if (typeof cb !== 'function')","    throw new TypeError('must specify a callback');","","  if (REG_TYPES.indexOf(type) == -1)","    throw Error('illegal type specified.');","","  var args = ['ADD', this.path];","  if (name == '')","    args.push('/ve');","  else","    args = args.concat(['/v', name]);","","  args = args.concat(['/t', type, '/d', value, '/f']);","","  pushArch(args, this.arch);","","  var proc = spawn(getRegExePath(), args, {","        cwd: undefined,","        env: process.env,","        stdio: [ 'ignore', 'pipe', 'pipe' ]","      })","  ,   error = null // null means no error previously reported.","","  var output = captureOutput(proc);","","  proc.on('close', function (code) {","    if(error) {","      return;","    } else if (code !== 0) {","      log('process exited with code ' + code);","      cb(mkErrorMsg('ADD', code, output, null));","    } else {","      cb(null);","    }","  });","","  proc.stdout.on('data', function (data) {","    // simply discard output","    log(''+data);","  });","","  proc.on('error', function(err) {","    error = err;","    cb(err);","  });","","  return this;","};","","/**"," * Remove a named value from this registry key. If name is empty, sets the default value of this key."," * Note: This key must be already existing."," * @param {string} name - the value name, use {@link Registry.DEFAULT_VALUE} or an empty string for the default value"," * @param {function (err)} cb - callback function"," * @param {ProcessUncleanExitError=} cb.err - error object or null if successful"," * @returns {Registry} this registry key object"," */","Registry.prototype.remove = function remove (name, cb) {","","  if (typeof cb !== 'function')","    throw new TypeError('must specify a callback');","","  var args = name ? ['DELETE', this.path, '/f', '/v', name] : ['DELETE', this.path, '/f', '/ve'];","","  pushArch(args, this.arch);","","  var proc = spawn(getRegExePath(), args, {","        cwd: undefined,","        env: process.env,","        stdio: [ 'ignore', 'pipe', 'pipe' ]","      })","  ,   error = null // null means no error previously reported.","","  var output = captureOutput(proc);","","  proc.on('close', function (code) {","    if(error) {","      return;","    } else if (code !== 0) {","      log('process exited with code ' + code);","      cb(mkErrorMsg('DELETE', code, output), null);","    } else {","      cb(null);","    }","  });","","  proc.stdout.on('data', function (data) {","    // simply discard output","    log(''+data);","  });","","  proc.on('error', function(err) {","    error = err;","    cb(err);","  });","","  return this;","};","","/**"," * Remove all subkeys and values (including the default value) from this registry key."," * @param {function (err)} cb - callback function"," * @param {ProcessUncleanExitError=} cb.err - error object or null if successful"," * @returns {Registry} this registry key object"," */","Registry.prototype.clear = function clear (cb) {","","  if (typeof cb !== 'function')","    throw new TypeError('must specify a callback');","","  var args = ['DELETE', this.path, '/f', '/va'];","","  pushArch(args, this.arch);","","  var proc = spawn(getRegExePath(), args, {","        cwd: undefined,","        env: process.env,","        stdio: [ 'ignore', 'pipe', 'pipe' ]","      })","  ,   error = null // null means no error previously reported.","","  var output = captureOutput(proc);","","  proc.on('close', function (code) {","    if(error) {","      return;","    } else if (code !== 0) {","      log('process exited with code ' + code);","      cb(mkErrorMsg(\"DELETE\", code, output), null);","    } else {","      cb(null);","    }","  });","","  proc.stdout.on('data', function (data) {","    // simply discard output","    log(''+data);","  });","","  proc.on('error', function(err) {","    error = err;","    cb(err);","  });","","  return this;","};","","/**"," * Alias for the clear method to keep it backward compatible."," * @method"," * @deprecated Use {@link Registry#clear} or {@link Registry#destroy} in favour of this method."," * @param {function (err)} cb - callback function"," * @param {ProcessUncleanExitError=} cb.err - error object or null if successful"," * @returns {Registry} this registry key object"," */","Registry.prototype.erase = Registry.prototype.clear;","","/**"," * Delete this key and all subkeys from the registry."," * @param {function (err)} cb - callback function"," * @param {ProcessUncleanExitError=} cb.err - error object or null if successful"," * @returns {Registry} this registry key object"," */","Registry.prototype.destroy = function destroy (cb) {","","  if (typeof cb !== 'function')","    throw new TypeError('must specify a callback');","","  var args = ['DELETE', this.path, '/f'];","","  pushArch(args, this.arch);","","  var proc = spawn(getRegExePath(), args, {","        cwd: undefined,","        env: process.env,","        stdio: [ 'ignore', 'pipe', 'pipe' ]","      })","  ,   error = null // null means no error previously reported.","","  var output = captureOutput(proc);","","  proc.on('close', function (code) {","    if (error) {","      return;","    } else if (code !== 0) {","      log('process exited with code ' + code);","      cb(mkErrorMsg('DELETE', code, output), null);","    } else {","      cb(null);","    }","  });","","  proc.stdout.on('data', function (data) {","    // simply discard output","    log(''+data);","  });","","  proc.on('error', function(err) {","    error = err;","    cb(err);","  });","","  return this;","};","","/**"," * Create this registry key. Note that this is a no-op if the key already exists."," * @param {function (err)} cb - callback function"," * @param {ProcessUncleanExitError=} cb.err - error object or null if successful"," * @returns {Registry} this registry key object"," */","Registry.prototype.create = function create (cb) {","","  if (typeof cb !== 'function')","    throw new TypeError('must specify a callback');","","  var args = ['ADD', this.path, '/f'];","","  pushArch(args, this.arch);","","  var proc = spawn(getRegExePath(), args, {","        cwd: undefined,","        env: process.env,","        stdio: [ 'ignore', 'pipe', 'pipe' ]","      })","  ,   error = null // null means no error previously reported.","","  var output = captureOutput(proc);","","  proc.on('close', function (code) {","    if (error) {","      return;","    } else if (code !== 0) {","      log('process exited with code ' + code);","      cb(mkErrorMsg('ADD', code, output), null);","    } else {","      cb(null);","    }","  });","","  proc.stdout.on('data', function (data) {","    // simply discard output","    log(''+data);","  });","","  proc.on('error', function(err) {","    error = err;","    cb(err);","  });","","  return this;","};","","/**"," * Checks if this key already exists."," * @param {function (err, exists)} cb - callback function"," * @param {ProcessUncleanExitError=} cb.err - error object or null if successful"," * @param {boolean=} cb.exists - true if a registry key with this name already exists"," * @returns {Registry} this registry key object"," */","Registry.prototype.keyExists = function keyExists (cb) {","","  this.values(function (err, items) {","    if (err) {","      // process should return with code 1 if key not found","      if (err.code == 1) {","        return cb(null, false);","      }","      // other error","      return cb(err);","    }","    cb(null, true);","  });","","  return this;","};","","/**"," * Checks if a value with the given name already exists within this key."," * @param {string} name - the value name, use {@link Registry.DEFAULT_VALUE} or an empty string for the default value"," * @param {function (err, exists)} cb - callback function"," * @param {ProcessUncleanExitError=} cb.err - error object or null if successful"," * @param {boolean=} cb.exists - true if a value with the given name was found in this key"," * @returns {Registry} this registry key object"," */","Registry.prototype.valueExists = function valueExists (name, cb) {","","  this.get(name, function (err, item) {","    if (err) {","      // process should return with code 1 if value not found","      if (err.code == 1) {","        return cb(null, false);","      }","      // other error","      return cb(err);","    }","    cb(null, true);","  });","","  return this;","};","","module.exports = Registry;",""],"l":{"9":1,"57":1,"58":0,"59":0,"61":0,"68":0,"75":0,"82":0,"86":1,"91":1,"94":0,"96":0,"97":0,"99":0,"106":1,"107":0,"108":0,"110":0,"111":0,"118":1,"119":0,"120":0,"121":0,"122":0,"124":0,"132":1,"133":0,"134":0,"142":1,"143":0,"144":0,"146":0,"167":1,"169":0,"170":0,"173":0,"188":0,"195":0,"202":0,"209":0,"216":0,"223":0,"230":0,"234":1,"257":1,"259":0,"260":0,"263":0,"276":0,"283":0,"290":0,"297":0,"304":0,"311":0,"312":0,"313":0,"322":0,"323":0,"325":0,"326":0,"328":0,"329":0,"338":1,"344":1,"351":1,"358":1,"365":1,"371":1,"377":1,"383":1,"389":1,"395":1,"401":1,"407":1,"413":1,"419":1,"425":1,"434":1,"436":0,"437":0,"439":0,"441":0,"443":0,"452":0,"454":0,"455":0,"456":0,"457":0,"458":0,"459":0,"461":0,"466":0,"467":0,"468":0,"469":0,"470":0,"471":0,"473":0,"477":0,"479":0,"484":0,"485":0,"486":0,"487":0,"488":0,"492":0,"497":0,"498":0,"501":0,"502":0,"503":0,"506":0,"516":1,"518":0,"519":0,"521":0,"523":0,"525":0,"534":0,"536":0,"537":0,"538":0,"539":0,"540":0,"541":0,"545":0,"546":0,"549":0,"551":0,"555":0,"556":0,"557":0,"558":0,"559":0,"563":0,"565":0,"569":0,"570":0,"571":0,"572":0,"573":0,"583":0,"587":0,"588":0,"589":0,"592":0,"603":1,"605":0,"606":0,"608":0,"609":0,"610":0,"612":0,"614":0,"616":0,"625":0,"627":0,"628":0,"629":0,"630":0,"631":0,"632":0,"634":0,"639":0,"640":0,"641":0,"642":0,"643":0,"644":0,"646":0,"651":0,"657":0,"658":0,"659":0,"660":0,"661":0,"664":0,"668":0,"669":0,"672":0,"673":0,"674":0,"677":0,"689":1,"691":0,"692":0,"694":0,"695":0,"697":0,"698":0,"699":0,"701":0,"703":0,"705":0,"707":0,"714":0,"716":0,"717":0,"718":0,"719":0,"720":0,"721":0,"723":0,"727":0,"729":0,"732":0,"733":0,"734":0,"737":0,"748":1,"750":0,"751":0,"753":0,"755":0,"757":0,"764":0,"766":0,"767":0,"768":0,"769":0,"770":0,"771":0,"773":0,"777":0,"779":0,"782":0,"783":0,"784":0,"787":0,"796":1,"798":0,"799":0,"801":0,"803":0,"805":0,"812":0,"814":0,"815":0,"816":0,"817":0,"818":0,"819":0,"821":0,"825":0,"827":0,"830":0,"831":0,"832":0,"835":0,"846":1,"854":1,"856":0,"857":0,"859":0,"861":0,"863":0,"870":0,"872":0,"873":0,"874":0,"875":0,"876":0,"877":0,"879":0,"883":0,"885":0,"888":0,"889":0,"890":0,"893":0,"902":1,"904":0,"905":0,"907":0,"909":0,"911":0,"918":0,"920":0,"921":0,"922":0,"923":0,"924":0,"925":0,"927":0,"931":0,"933":0,"936":0,"937":0,"938":0,"941":0,"951":1,"953":0,"954":0,"956":0,"957":0,"960":0,"962":0,"965":0,"976":1,"978":0,"979":0,"981":0,"982":0,"985":0,"987":0,"990":0,"993":1}}}